system   D            wsystem.c:583  maybe_parent_dir                 [   0.00186] Also searching C:\Users\dpackard\Documents\GitHub\radiation\Radiation\RadiationEngine\
system   D            wsystem.c:633  _al_win_safe_load_library        [   0.00215] PathFindOnPath found: C:\Windows\system32\d3d9.dll
system   D            wsystem.c:544  load_library_at_path             [   0.00218] Calling LoadLibrary C:\Windows\system32\d3d9.dll
system   I            wsystem.c:547  load_library_at_path             [   0.00632] Loaded C:\Windows\system32\d3d9.dll
d3d      I         d3d_disp.cpp:696  _al_d3d_init_display             [   0.02172] Render-to-texture: 1
system   I             system.c:252  al_install_system                [   0.02180] Allegro version: 5.0.10
audio-dsound D           dsound.cpp:244  _dsound_open                     [   0.02376] Loading DirectSound module
system   D            wsystem.c:583  maybe_parent_dir                 [   0.02396] Also searching C:\Users\dpackard\Documents\GitHub\radiation\Radiation\RadiationEngine\
system   D            wsystem.c:633  _al_win_safe_load_library        [   0.02417] PathFindOnPath found: C:\Windows\system32\dsound.dll
system   D            wsystem.c:544  load_library_at_path             [   0.02421] Calling LoadLibrary C:\Windows\system32\dsound.dll
system   I            wsystem.c:547  load_library_at_path             [   0.02598] Loaded C:\Windows\system32\dsound.dll
audio-dsound I           dsound.cpp:261  _dsound_open                     [   0.02721] Starting DirectSound...
audio-dsound D           dsound.cpp:271  _dsound_open                     [   0.06724] DirectSoundCreate8 succeeded
audio    I              audio.c:288  do_install_audio                 [   0.06918] Using DirectSound driver
d3d      I         d3d_disp.cpp:1737 d3d_create_display_locked        [   0.07582] faux_fullscreen=0
d3d      D         d3d_disp.cpp:1738 d3d_create_display_locked        [   0.07587] al_display=0058CAB8
d3d      D         d3d_disp.cpp:1739 d3d_create_display_locked        [   0.07590] al_display->vt=0057F908
d3d      I d3d_display_formats.cpp:144  _al_d3d_generate_display_format_list [   0.07979] found 96 format combinations
display  D   display_settings.c:191  debug_display_settings           [   0.07987] color: 32 (rgba 8880), depth: 0, stencil: 0, acc: 0000, samples: 0/0
display  D   display_settings.c:506  _al_score_display_settings       [   0.07992] Score is : 897
display  D   display_settings.c:191  debug_display_settings           [   0.07994] color: 32 (rgba 8880), depth: 0, stencil: 0, acc: 0000, samples: 0/0
display  D   display_settings.c:506  _al_score_display_settings       [   0.07997] Score is : 897
display  D   display_settings.c:191  debug_display_settings           [   0.08000] color: 32 (rgba 8880), depth: 0, stencil: 0, acc: 0000, samples: 2/1
display  D   display_settings.c:506  _al_score_display_settings       [   0.08002] Score is : 726
display  D   display_settings.c:191  debug_display_settings           [   0.08005] color: 32 (rgba 8880), depth: 24, stencil: 8, acc: 0000, samples: 0/0
display  D   display_settings.c:506  _al_score_display_settings       [   0.08008] Score is : 897
display  D   display_settings.c:191  debug_display_settings           [   0.08011] color: 32 (rgba 8880), depth: 24, stencil: 8, acc: 0000, samples: 0/0
display  D   display_settings.c:506  _al_score_display_settings       [   0.08014] Score is : 897
display  D   display_settings.c:191  debug_display_settings           [   0.08016] color: 32 (rgba 8880), depth: 24, stencil: 8, acc: 0000, samples: 2/1
display  D   display_settings.c:506  _al_score_display_settings       [   0.08020] Score is : 726
display  D   display_settings.c:191  debug_display_settings           [   0.08022] color: 32 (rgba 8880), depth: 24, stencil: 0, acc: 0000, samples: 0/0
display  D   display_settings.c:506  _al_score_display_settings       [   0.08025] Score is : 897
display  D   display_settings.c:191  debug_display_settings           [   0.08028] color: 32 (rgba 8880), depth: 24, stencil: 0, acc: 0000, samples: 0/0
display  D   display_settings.c:506  _al_score_display_settings       [   0.08036] Score is : 897
display  D   display_settings.c:191  debug_display_settings           [   0.08040] color: 32 (rgba 8880), depth: 24, stencil: 0, acc: 0000, samples: 2/1
display  D   display_settings.c:506  _al_score_display_settings       [   0.08043] Score is : 726
display  D   display_settings.c:191  debug_display_settings           [   0.08046] color: 32 (rgba 8880), depth: 16, stencil: 0, acc: 0000, samples: 0/0
display  D   display_settings.c:506  _al_score_display_settings       [   0.08049] Score is : 897
display  D   display_settings.c:191  debug_display_settings           [   0.08051] color: 32 (rgba 8880), depth: 16, stencil: 0, acc: 0000, samples: 0/0
display  D   display_settings.c:506  _al_score_display_settings       [   0.08054] Score is : 897
display  D   display_settings.c:191  debug_display_settings           [   0.08057] color: 32 (rgba 8880), depth: 16, stencil: 0, acc: 0000, samples: 2/1
display  D   display_settings.c:506  _al_score_display_settings       [   0.08060] Score is : 726
display  D   display_settings.c:191  debug_display_settings           [   0.08063] color: 16 (rgba 5650), depth: 0, stencil: 0, acc: 0000, samples: 0/0
display  D   display_settings.c:506  _al_score_display_settings       [   0.08066] Score is : 897
display  D   display_settings.c:191  debug_display_settings           [   0.08069] color: 16 (rgba 5650), depth: 0, stencil: 0, acc: 0000, samples: 0/0
display  D   display_settings.c:506  _al_score_display_settings       [   0.08072] Score is : 897
display  D   display_settings.c:191  debug_display_settings           [   0.08074] color: 16 (rgba 5650), depth: 0, stencil: 0, acc: 0000, samples: 2/1
display  D   display_settings.c:506  _al_score_display_settings       [   0.08077] Score is : 726
display  D   display_settings.c:191  debug_display_settings           [   0.08080] color: 16 (rgba 5650), depth: 24, stencil: 8, acc: 0000, samples: 0/0
display  D   display_settings.c:506  _al_score_display_settings       [   0.08083] Score is : 897
display  D   display_settings.c:191  debug_display_settings           [   0.08086] color: 16 (rgba 5650), depth: 24, stencil: 8, acc: 0000, samples: 0/0
display  D   display_settings.c:506  _al_score_display_settings       [   0.08089] Score is : 897
display  D   display_settings.c:191  debug_display_settings           [   0.08091] color: 16 (rgba 5650), depth: 24, stencil: 8, acc: 0000, samples: 2/1
display  D   display_settings.c:506  _al_score_display_settings       [   0.08094] Score is : 726
display  D   display_settings.c:191  debug_display_settings           [   0.08097] color: 16 (rgba 5650), depth: 24, stencil: 0, acc: 0000, samples: 0/0
display  D   display_settings.c:506  _al_score_display_settings       [   0.08100] Score is : 897
display  D   display_settings.c:191  debug_display_settings           [   0.08103] color: 16 (rgba 5650), depth: 24, stencil: 0, acc: 0000, samples: 0/0
display  D   display_settings.c:506  _al_score_display_settings       [   0.08106] Score is : 897
display  D   display_settings.c:191  debug_display_settings           [   0.08108] color: 16 (rgba 5650), depth: 24, stencil: 0, acc: 0000, samples: 2/1
display  D   display_settings.c:506  _al_score_display_settings       [   0.08111] Score is : 726
display  D   display_settings.c:191  debug_display_settings           [   0.08113] color: 16 (rgba 5650), depth: 16, stencil: 0, acc: 0000, samples: 0/0
display  D   display_settings.c:506  _al_score_display_settings       [   0.08116] Score is : 897
display  D   display_settings.c:191  debug_display_settings           [   0.08119] color: 16 (rgba 5650), depth: 16, stencil: 0, acc: 0000, samples: 0/0
display  D   display_settings.c:506  _al_score_display_settings       [   0.08122] Score is : 897
display  D   display_settings.c:191  debug_display_settings           [   0.08125] color: 16 (rgba 5650), depth: 16, stencil: 0, acc: 0000, samples: 2/1
display  D   display_settings.c:506  _al_score_display_settings       [   0.08129] Score is : 726
display  D   display_settings.c:191  debug_display_settings           [   0.08134] color: 32 (rgba 8880), depth: 0, stencil: 0, acc: 0000, samples: 0/0
display  D   display_settings.c:377  _al_score_display_settings       [   0.08138] Single Buffer requirement not met.
display  D   display_settings.c:191  debug_display_settings           [   0.08142] color: 32 (rgba 8880), depth: 0, stencil: 0, acc: 0000, samples: 0/0
display  D   display_settings.c:377  _al_score_display_settings       [   0.08145] Single Buffer requirement not met.
display  D   display_settings.c:191  debug_display_settings           [   0.08147] color: 32 (rgba 8880), depth: 0, stencil: 0, acc: 0000, samples: 2/1
display  D   display_settings.c:377  _al_score_display_settings       [   0.08150] Single Buffer requirement not met.
display  D   display_settings.c:191  debug_display_settings           [   0.08152] color: 32 (rgba 8880), depth: 24, stencil: 8, acc: 0000, samples: 0/0
display  D   display_settings.c:377  _al_score_display_settings       [   0.08155] Single Buffer requirement not met.
display  D   display_settings.c:191  debug_display_settings           [   0.08157] color: 32 (rgba 8880), depth: 24, stencil: 8, acc: 0000, samples: 0/0
display  D   display_settings.c:377  _al_score_display_settings       [   0.08159] Single Buffer requirement not met.
display  D   display_settings.c:191  debug_display_settings           [   0.08162] color: 32 (rgba 8880), depth: 24, stencil: 8, acc: 0000, samples: 2/1
display  D   display_settings.c:377  _al_score_display_settings       [   0.08164] Single Buffer requirement not met.
display  D   display_settings.c:191  debug_display_settings           [   0.08167] color: 32 (rgba 8880), depth: 24, stencil: 0, acc: 0000, samples: 0/0
display  D   display_settings.c:377  _al_score_display_settings       [   0.08170] Single Buffer requirement not met.
display  D   display_settings.c:191  debug_display_settings           [   0.08172] color: 32 (rgba 8880), depth: 24, stencil: 0, acc: 0000, samples: 0/0
display  D   display_settings.c:377  _al_score_display_settings       [   0.08174] Single Buffer requirement not met.
display  D   display_settings.c:191  debug_display_settings           [   0.08177] color: 32 (rgba 8880), depth: 24, stencil: 0, acc: 0000, samples: 2/1
display  D   display_settings.c:377  _al_score_display_settings       [   0.08179] Single Buffer requirement not met.
display  D   display_settings.c:191  debug_display_settings           [   0.08181] color: 32 (rgba 8880), depth: 16, stencil: 0, acc: 0000, samples: 0/0
display  D   display_settings.c:377  _al_score_display_settings       [   0.08184] Single Buffer requirement not met.
display  D   display_settings.c:191  debug_display_settings           [   0.08186] color: 32 (rgba 8880), depth: 16, stencil: 0, acc: 0000, samples: 0/0
display  D   display_settings.c:377  _al_score_display_settings       [   0.08189] Single Buffer requirement not met.
display  D   display_settings.c:191  debug_display_settings           [   0.08191] color: 32 (rgba 8880), depth: 16, stencil: 0, acc: 0000, samples: 2/1
display  D   display_settings.c:377  _al_score_display_settings       [   0.08194] Single Buffer requirement not met.
display  D   display_settings.c:191  debug_display_settings           [   0.08196] color: 16 (rgba 5650), depth: 0, stencil: 0, acc: 0000, samples: 0/0
display  D   display_settings.c:377  _al_score_display_settings       [   0.08198] Single Buffer requirement not met.
display  D   display_settings.c:191  debug_display_settings           [   0.08200] color: 16 (rgba 5650), depth: 0, stencil: 0, acc: 0000, samples: 0/0
display  D   display_settings.c:377  _al_score_display_settings       [   0.08203] Single Buffer requirement not met.
display  D   display_settings.c:191  debug_display_settings           [   0.08207] color: 16 (rgba 5650), depth: 0, stencil: 0, acc: 0000, samples: 2/1
display  D   display_settings.c:377  _al_score_display_settings       [   0.08210] Single Buffer requirement not met.
display  D   display_settings.c:191  debug_display_settings           [   0.08213] color: 16 (rgba 5650), depth: 24, stencil: 8, acc: 0000, samples: 0/0
display  D   display_settings.c:377  _al_score_display_settings       [   0.08216] Single Buffer requirement not met.
display  D   display_settings.c:191  debug_display_settings           [   0.08218] color: 16 (rgba 5650), depth: 24, stencil: 8, acc: 0000, samples: 0/0
display  D   display_settings.c:377  _al_score_display_settings       [   0.08221] Single Buffer requirement not met.
display  D   display_settings.c:191  debug_display_settings           [   0.08225] color: 16 (rgba 5650), depth: 24, stencil: 8, acc: 0000, samples: 2/1
display  D   display_settings.c:377  _al_score_display_settings       [   0.08227] Single Buffer requirement not met.
display  D   display_settings.c:191  debug_display_settings           [   0.08229] color: 16 (rgba 5650), depth: 24, stencil: 0, acc: 0000, samples: 0/0
display  D   display_settings.c:377  _al_score_display_settings       [   0.08232] Single Buffer requirement not met.
display  D   display_settings.c:191  debug_display_settings           [   0.08234] color: 16 (rgba 5650), depth: 24, stencil: 0, acc: 0000, samples: 0/0
display  D   display_settings.c:377  _al_score_display_settings       [   0.08237] Single Buffer requirement not met.
display  D   display_settings.c:191  debug_display_settings           [   0.08239] color: 16 (rgba 5650), depth: 24, stencil: 0, acc: 0000, samples: 2/1
display  D   display_settings.c:377  _al_score_display_settings       [   0.08241] Single Buffer requirement not met.
display  D   display_settings.c:191  debug_display_settings           [   0.08243] color: 16 (rgba 5650), depth: 16, stencil: 0, acc: 0000, samples: 0/0
display  D   display_settings.c:377  _al_score_display_settings       [   0.08246] Single Buffer requirement not met.
display  D   display_settings.c:191  debug_display_settings           [   0.08248] color: 16 (rgba 5650), depth: 16, stencil: 0, acc: 0000, samples: 0/0
display  D   display_settings.c:377  _al_score_display_settings       [   0.08251] Single Buffer requirement not met.
display  D   display_settings.c:191  debug_display_settings           [   0.08253] color: 16 (rgba 5650), depth: 16, stencil: 0, acc: 0000, samples: 2/1
display  D   display_settings.c:377  _al_score_display_settings       [   0.08256] Single Buffer requirement not met.
display  D   display_settings.c:191  debug_display_settings           [   0.08258] color: 32 (rgba 8880), depth: 0, stencil: 0, acc: 0000, samples: 0/0
display  D   display_settings.c:506  _al_score_display_settings       [   0.08261] Score is : 769
display  D   display_settings.c:191  debug_display_settings           [   0.08263] color: 32 (rgba 8880), depth: 0, stencil: 0, acc: 0000, samples: 0/0
display  D   display_settings.c:506  _al_score_display_settings       [   0.08266] Score is : 769
display  D   display_settings.c:191  debug_display_settings           [   0.08268] color: 32 (rgba 8880), depth: 0, stencil: 0, acc: 0000, samples: 2/1
display  D   display_settings.c:506  _al_score_display_settings       [   0.08271] Score is : 598
display  D   display_settings.c:191  debug_display_settings           [   0.08274] color: 32 (rgba 8880), depth: 24, stencil: 8, acc: 0000, samples: 0/0
display  D   display_settings.c:506  _al_score_display_settings       [   0.08277] Score is : 769
display  D   display_settings.c:191  debug_display_settings           [   0.08279] color: 32 (rgba 8880), depth: 24, stencil: 8, acc: 0000, samples: 0/0
display  D   display_settings.c:506  _al_score_display_settings       [   0.08282] Score is : 769
display  D   display_settings.c:191  debug_display_settings           [   0.08285] color: 32 (rgba 8880), depth: 24, stencil: 8, acc: 0000, samples: 2/1
display  D   display_settings.c:506  _al_score_display_settings       [   0.08288] Score is : 598
display  D   display_settings.c:191  debug_display_settings           [   0.08290] color: 32 (rgba 8880), depth: 24, stencil: 0, acc: 0000, samples: 0/0
display  D   display_settings.c:506  _al_score_display_settings       [   0.08297] Score is : 769
display  D   display_settings.c:191  debug_display_settings           [   0.08300] color: 32 (rgba 8880), depth: 24, stencil: 0, acc: 0000, samples: 0/0
display  D   display_settings.c:506  _al_score_display_settings       [   0.08303] Score is : 769
display  D   display_settings.c:191  debug_display_settings           [   0.08306] color: 32 (rgba 8880), depth: 24, stencil: 0, acc: 0000, samples: 2/1
display  D   display_settings.c:506  _al_score_display_settings       [   0.08309] Score is : 598
display  D   display_settings.c:191  debug_display_settings           [   0.08311] color: 32 (rgba 8880), depth: 16, stencil: 0, acc: 0000, samples: 0/0
display  D   display_settings.c:506  _al_score_display_settings       [   0.08314] Score is : 769
display  D   display_settings.c:191  debug_display_settings           [   0.08316] color: 32 (rgba 8880), depth: 16, stencil: 0, acc: 0000, samples: 0/0
display  D   display_settings.c:506  _al_score_display_settings       [   0.08319] Score is : 769
display  D   display_settings.c:191  debug_display_settings           [   0.08322] color: 32 (rgba 8880), depth: 16, stencil: 0, acc: 0000, samples: 2/1
display  D   display_settings.c:506  _al_score_display_settings       [   0.08325] Score is : 598
display  D   display_settings.c:191  debug_display_settings           [   0.08327] color: 16 (rgba 5650), depth: 0, stencil: 0, acc: 0000, samples: 0/0
display  D   display_settings.c:506  _al_score_display_settings       [   0.08330] Score is : 769
display  D   display_settings.c:191  debug_display_settings           [   0.08333] color: 16 (rgba 5650), depth: 0, stencil: 0, acc: 0000, samples: 0/0
display  D   display_settings.c:506  _al_score_display_settings       [   0.08336] Score is : 769
display  D   display_settings.c:191  debug_display_settings           [   0.08338] color: 16 (rgba 5650), depth: 0, stencil: 0, acc: 0000, samples: 2/1
display  D   display_settings.c:506  _al_score_display_settings       [   0.08341] Score is : 598
display  D   display_settings.c:191  debug_display_settings           [   0.08344] color: 16 (rgba 5650), depth: 24, stencil: 8, acc: 0000, samples: 0/0
display  D   display_settings.c:506  _al_score_display_settings       [   0.08347] Score is : 769
display  D   display_settings.c:191  debug_display_settings           [   0.08350] color: 16 (rgba 5650), depth: 24, stencil: 8, acc: 0000, samples: 0/0
display  D   display_settings.c:506  _al_score_display_settings       [   0.08353] Score is : 769
display  D   display_settings.c:191  debug_display_settings           [   0.08355] color: 16 (rgba 5650), depth: 24, stencil: 8, acc: 0000, samples: 2/1
display  D   display_settings.c:506  _al_score_display_settings       [   0.08358] Score is : 598
display  D   display_settings.c:191  debug_display_settings           [   0.08361] color: 16 (rgba 5650), depth: 24, stencil: 0, acc: 0000, samples: 0/0
display  D   display_settings.c:506  _al_score_display_settings       [   0.08364] Score is : 769
display  D   display_settings.c:191  debug_display_settings           [   0.08366] color: 16 (rgba 5650), depth: 24, stencil: 0, acc: 0000, samples: 0/0
display  D   display_settings.c:506  _al_score_display_settings       [   0.08369] Score is : 769
display  D   display_settings.c:191  debug_display_settings           [   0.08372] color: 16 (rgba 5650), depth: 24, stencil: 0, acc: 0000, samples: 2/1
display  D   display_settings.c:506  _al_score_display_settings       [   0.08375] Score is : 598
display  D   display_settings.c:191  debug_display_settings           [   0.08378] color: 16 (rgba 5650), depth: 16, stencil: 0, acc: 0000, samples: 0/0
display  D   display_settings.c:506  _al_score_display_settings       [   0.08381] Score is : 769
display  D   display_settings.c:191  debug_display_settings           [   0.08383] color: 16 (rgba 5650), depth: 16, stencil: 0, acc: 0000, samples: 0/0
display  D   display_settings.c:506  _al_score_display_settings       [   0.08387] Score is : 769
display  D   display_settings.c:191  debug_display_settings           [   0.08390] color: 16 (rgba 5650), depth: 16, stencil: 0, acc: 0000, samples: 2/1
display  D   display_settings.c:506  _al_score_display_settings       [   0.08393] Score is : 598
display  D   display_settings.c:191  debug_display_settings           [   0.08395] color: 32 (rgba 8880), depth: 0, stencil: 0, acc: 0000, samples: 0/0
display  D   display_settings.c:377  _al_score_display_settings       [   0.08397] Single Buffer requirement not met.
display  D   display_settings.c:191  debug_display_settings           [   0.08400] color: 32 (rgba 8880), depth: 0, stencil: 0, acc: 0000, samples: 0/0
display  D   display_settings.c:377  _al_score_display_settings       [   0.08403] Single Buffer requirement not met.
display  D   display_settings.c:191  debug_display_settings           [   0.08405] color: 32 (rgba 8880), depth: 0, stencil: 0, acc: 0000, samples: 2/1
display  D   display_settings.c:377  _al_score_display_settings       [   0.08408] Single Buffer requirement not met.
display  D   display_settings.c:191  debug_display_settings           [   0.08410] color: 32 (rgba 8880), depth: 24, stencil: 8, acc: 0000, samples: 0/0
display  D   display_settings.c:377  _al_score_display_settings       [   0.08413] Single Buffer requirement not met.
display  D   display_settings.c:191  debug_display_settings           [   0.08415] color: 32 (rgba 8880), depth: 24, stencil: 8, acc: 0000, samples: 0/0
display  D   display_settings.c:377  _al_score_display_settings       [   0.08418] Single Buffer requirement not met.
display  D   display_settings.c:191  debug_display_settings           [   0.08420] color: 32 (rgba 8880), depth: 24, stencil: 8, acc: 0000, samples: 2/1
display  D   display_settings.c:377  _al_score_display_settings       [   0.08423] Single Buffer requirement not met.
display  D   display_settings.c:191  debug_display_settings           [   0.08425] color: 32 (rgba 8880), depth: 24, stencil: 0, acc: 0000, samples: 0/0
display  D   display_settings.c:377  _al_score_display_settings       [   0.08428] Single Buffer requirement not met.
display  D   display_settings.c:191  debug_display_settings           [   0.08430] color: 32 (rgba 8880), depth: 24, stencil: 0, acc: 0000, samples: 0/0
display  D   display_settings.c:377  _al_score_display_settings       [   0.08433] Single Buffer requirement not met.
display  D   display_settings.c:191  debug_display_settings           [   0.08435] color: 32 (rgba 8880), depth: 24, stencil: 0, acc: 0000, samples: 2/1
display  D   display_settings.c:377  _al_score_display_settings       [   0.08438] Single Buffer requirement not met.
display  D   display_settings.c:191  debug_display_settings           [   0.08440] color: 32 (rgba 8880), depth: 16, stencil: 0, acc: 0000, samples: 0/0
display  D   display_settings.c:377  _al_score_display_settings       [   0.08443] Single Buffer requirement not met.
display  D   display_settings.c:191  debug_display_settings           [   0.08446] color: 32 (rgba 8880), depth: 16, stencil: 0, acc: 0000, samples: 0/0
display  D   display_settings.c:377  _al_score_display_settings       [   0.08449] Single Buffer requirement not met.
display  D   display_settings.c:191  debug_display_settings           [   0.08451] color: 32 (rgba 8880), depth: 16, stencil: 0, acc: 0000, samples: 2/1
display  D   display_settings.c:377  _al_score_display_settings       [   0.08454] Single Buffer requirement not met.
display  D   display_settings.c:191  debug_display_settings           [   0.08457] color: 16 (rgba 5650), depth: 0, stencil: 0, acc: 0000, samples: 0/0
display  D   display_settings.c:377  _al_score_display_settings       [   0.08460] Single Buffer requirement not met.
display  D   display_settings.c:191  debug_display_settings           [   0.08462] color: 16 (rgba 5650), depth: 0, stencil: 0, acc: 0000, samples: 0/0
display  D   display_settings.c:377  _al_score_display_settings       [   0.08465] Single Buffer requirement not met.
display  D   display_settings.c:191  debug_display_settings           [   0.08468] color: 16 (rgba 5650), depth: 0, stencil: 0, acc: 0000, samples: 2/1
display  D   display_settings.c:377  _al_score_display_settings       [   0.08471] Single Buffer requirement not met.
display  D   display_settings.c:191  debug_display_settings           [   0.08474] color: 16 (rgba 5650), depth: 24, stencil: 8, acc: 0000, samples: 0/0
display  D   display_settings.c:377  _al_score_display_settings       [   0.08477] Single Buffer requirement not met.
display  D   display_settings.c:191  debug_display_settings           [   0.08479] color: 16 (rgba 5650), depth: 24, stencil: 8, acc: 0000, samples: 0/0
display  D   display_settings.c:377  _al_score_display_settings       [   0.08481] Single Buffer requirement not met.
display  D   display_settings.c:191  debug_display_settings           [   0.08482] color: 16 (rgba 5650), depth: 24, stencil: 8, acc: 0000, samples: 2/1
display  D   display_settings.c:377  _al_score_display_settings       [   0.08484] Single Buffer requirement not met.
display  D   display_settings.c:191  debug_display_settings           [   0.08486] color: 16 (rgba 5650), depth: 24, stencil: 0, acc: 0000, samples: 0/0
display  D   display_settings.c:377  _al_score_display_settings       [   0.08488] Single Buffer requirement not met.
display  D   display_settings.c:191  debug_display_settings           [   0.08489] color: 16 (rgba 5650), depth: 24, stencil: 0, acc: 0000, samples: 0/0
display  D   display_settings.c:377  _al_score_display_settings       [   0.08491] Single Buffer requirement not met.
display  D   display_settings.c:191  debug_display_settings           [   0.08493] color: 16 (rgba 5650), depth: 24, stencil: 0, acc: 0000, samples: 2/1
display  D   display_settings.c:377  _al_score_display_settings       [   0.08495] Single Buffer requirement not met.
display  D   display_settings.c:191  debug_display_settings           [   0.08497] color: 16 (rgba 5650), depth: 16, stencil: 0, acc: 0000, samples: 0/0
display  D   display_settings.c:377  _al_score_display_settings       [   0.08498] Single Buffer requirement not met.
display  D   display_settings.c:191  debug_display_settings           [   0.08500] color: 16 (rgba 5650), depth: 16, stencil: 0, acc: 0000, samples: 0/0
display  D   display_settings.c:377  _al_score_display_settings       [   0.08503] Single Buffer requirement not met.
display  D   display_settings.c:191  debug_display_settings           [   0.08506] color: 16 (rgba 5650), depth: 16, stencil: 0, acc: 0000, samples: 2/1
display  D   display_settings.c:377  _al_score_display_settings       [   0.08508] Single Buffer requirement not met.
d3d      D         d3d_disp.cpp:1645 d3d_create_display_internals     [   0.08511] Trying format 0.
d3d      I         d3d_disp.cpp:1326 d3d_display_thread_proc          [   0.08579] Chose a display format: 23
d3d      I         d3d_disp.cpp:1395 d3d_display_thread_proc          [   0.08583] Normal window.
d3d      I         d3d_disp.cpp:801  d3d_create_device                [   0.10122] Using no depth stencil buffer
d3d      D         d3d_disp.cpp:866  d3d_create_device                [   0.12774] BeginScene succeeded in create_device
d3d      D         d3d_disp.cpp:874  d3d_create_device                [   0.12780] Success
d3d      D         d3d_disp.cpp:1668 d3d_create_display_internals     [   0.12783] Resumed after wait.
d3d      I         d3d_disp.cpp:1701 d3d_create_display_internals     [   0.12790] Format 0 succeeded.
d3d      D         d3d_disp.cpp:1724 d3d_create_display_internals     [   0.12794] Returning d3d_display: 0058CAB8
d3d      D         d3d_disp.cpp:1749 d3d_create_display_locked        [   0.12797] al_display=0058CAB8
d3d      D         d3d_disp.cpp:1750 d3d_create_display_locked        [   0.12799] al_display->vt=0057F908
dtor     D               dtor.c:184  _al_register_destructor          [   0.12925] added dtor for object 005A9A40, func 0F9627A7
dtor     D               dtor.c:184  _al_register_destructor          [   0.12943] added dtor for object 005A9CB0, func 0F9624D2
audio-dsound D           dsound.cpp:306  _dsound_allocate_voice           [   0.13243] Allocating voice
audio-dsound D           dsound.cpp:365  _dsound_allocate_voice           [   0.13248] Allocated voice
dtor     D               dtor.c:184  _al_register_destructor          [   0.13250] added dtor for object 005A9E70, func 0F962513
dtor     D               dtor.c:184  _al_register_destructor          [   0.13253] added dtor for object 005A31C0, func 0F962919
audio-dsound D           dsound.cpp:462  _dsound_start_voice              [   0.13256] Starting voice
audio-dsound D           dsound.cpp:491  _dsound_start_voice              [   0.13257] CreateSoundBuffer
audio-dsound D           dsound.cpp:500  _dsound_start_voice              [   0.13427] CreateSoundBuffer succeeded
audio-dsound D           dsound.cpp:506  _dsound_start_voice              [   0.13433] Starting _dsound_update thread
audio-dsound I           dsound.cpp:516  _dsound_start_voice              [   0.13471] Voice started
dtor     D               dtor.c:184  _al_register_destructor          [   0.13477] added dtor for object 005A36F0, func 0F9623F1
audio    D          kcm_mixer.c:121  _al_rechannel_matrix             [   0.13480] sample matrix:
audio    D          kcm_mixer.c:127  _al_rechannel_matrix             [   0.13482] 
audio    D          kcm_mixer.c:127  _al_rechannel_matrix             [   0.13484] 
dtor     D               dtor.c:184  _al_register_destructor          [   0.13486] added dtor for object 005A3E98, func 0F9623F1
audio    D          kcm_mixer.c:121  _al_rechannel_matrix             [   0.13488] sample matrix:
audio    D          kcm_mixer.c:127  _al_rechannel_matrix             [   0.13490] 
audio    D          kcm_mixer.c:127  _al_rechannel_matrix             [   0.13491] 
dtor     D               dtor.c:184  _al_register_destructor          [   0.13493] added dtor for object 005A9FE8, func 0F9623F1
audio    D          kcm_mixer.c:121  _al_rechannel_matrix             [   0.13518] sample matrix:
audio    D          kcm_mixer.c:127  _al_rechannel_matrix             [   0.13522] 
audio    D          kcm_mixer.c:127  _al_rechannel_matrix             [   0.13524] 
dtor     D               dtor.c:184  _al_register_destructor          [   0.13595] added dtor for object 005BA7C8, func 0F96237E
dtor     D               dtor.c:184  _al_register_destructor          [   0.13943] added dtor for object 005BA300, func 0F96237E
dtor     D               dtor.c:184  _al_register_destructor          [   0.14290] added dtor for object 005BE420, func 0F96237E
d3d      D         d3d_disp.cpp:1166 real_choose_bitmap_format        [   0.15070] Fake format
d3d      D         d3d_disp.cpp:1166 real_choose_bitmap_format        [   0.15079] Fake format
d3d      D         d3d_disp.cpp:1166 real_choose_bitmap_format        [   0.15082] Fake format
d3d      D         d3d_disp.cpp:1166 real_choose_bitmap_format        [   0.15084] Fake format
d3d      D         d3d_disp.cpp:1166 real_choose_bitmap_format        [   0.15087] Fake format
d3d      D         d3d_disp.cpp:1166 real_choose_bitmap_format        [   0.15090] Fake format
d3d      D         d3d_disp.cpp:1166 real_choose_bitmap_format        [   0.15092] Fake format
d3d      D         d3d_disp.cpp:1166 real_choose_bitmap_format        [   0.15095] Fake format
d3d      D         d3d_disp.cpp:1166 real_choose_bitmap_format        [   0.15098] Fake format
d3d      D         d3d_disp.cpp:1174 real_choose_bitmap_format        [   0.15100] Alpha doesn't match
d3d      D         d3d_disp.cpp:1181 real_choose_bitmap_format        [   0.15103] Adapter format is 23
d3d      D         d3d_disp.cpp:1184 real_choose_bitmap_format        [   0.15106] Found a format
d3d      I         d3d_disp.cpp:2283 _al_d3d_create_bitmap            [   0.15109] Chose bitmap format 9
dtor     D               dtor.c:184  _al_register_destructor          [   0.15137] added dtor for object 005C3AF8, func 0F962595
d3d      D          d3d_bmp.cpp:467  _al_d3d_sync_bitmap              [   0.15775] _al_d3d_sync_bitmap (system) ref count == 1
d3d      D          d3d_bmp.cpp:473  _al_d3d_sync_bitmap              [   0.15785] _al_d3d_sync_bitmap (video) ref count == 1
d3d      D         d3d_disp.cpp:1166 real_choose_bitmap_format        [   0.16684] Fake format
d3d      D         d3d_disp.cpp:1166 real_choose_bitmap_format        [   0.16689] Fake format
d3d      D         d3d_disp.cpp:1166 real_choose_bitmap_format        [   0.16692] Fake format
d3d      D         d3d_disp.cpp:1166 real_choose_bitmap_format        [   0.16694] Fake format
d3d      D         d3d_disp.cpp:1166 real_choose_bitmap_format        [   0.16696] Fake format
d3d      D         d3d_disp.cpp:1166 real_choose_bitmap_format        [   0.16699] Fake format
d3d      D         d3d_disp.cpp:1166 real_choose_bitmap_format        [   0.16701] Fake format
d3d      D         d3d_disp.cpp:1166 real_choose_bitmap_format        [   0.16703] Fake format
d3d      D         d3d_disp.cpp:1166 real_choose_bitmap_format        [   0.16706] Fake format
d3d      D         d3d_disp.cpp:1174 real_choose_bitmap_format        [   0.16708] Alpha doesn't match
d3d      D         d3d_disp.cpp:1181 real_choose_bitmap_format        [   0.16710] Adapter format is 23
d3d      D         d3d_disp.cpp:1184 real_choose_bitmap_format        [   0.16713] Found a format
d3d      I         d3d_disp.cpp:2283 _al_d3d_create_bitmap            [   0.16715] Chose bitmap format 9
dtor     D               dtor.c:184  _al_register_destructor          [   0.16738] added dtor for object 005BB028, func 0F962595
d3d      D          d3d_bmp.cpp:467  _al_d3d_sync_bitmap              [   0.16800] _al_d3d_sync_bitmap (system) ref count == 1
d3d      D          d3d_bmp.cpp:473  _al_d3d_sync_bitmap              [   0.16805] _al_d3d_sync_bitmap (video) ref count == 1
d3d      D         d3d_disp.cpp:1166 real_choose_bitmap_format        [   0.17289] Fake format
d3d      D         d3d_disp.cpp:1166 real_choose_bitmap_format        [   0.17293] Fake format
d3d      D         d3d_disp.cpp:1166 real_choose_bitmap_format        [   0.17294] Fake format
d3d      D         d3d_disp.cpp:1166 real_choose_bitmap_format        [   0.17296] Fake format
d3d      D         d3d_disp.cpp:1166 real_choose_bitmap_format        [   0.17297] Fake format
d3d      D         d3d_disp.cpp:1166 real_choose_bitmap_format        [   0.17299] Fake format
d3d      D         d3d_disp.cpp:1166 real_choose_bitmap_format        [   0.17300] Fake format
d3d      D         d3d_disp.cpp:1166 real_choose_bitmap_format        [   0.17302] Fake format
d3d      D         d3d_disp.cpp:1166 real_choose_bitmap_format        [   0.17303] Fake format
d3d      D         d3d_disp.cpp:1174 real_choose_bitmap_format        [   0.17330] Alpha doesn't match
d3d      D         d3d_disp.cpp:1181 real_choose_bitmap_format        [   0.17333] Adapter format is 23
d3d      D         d3d_disp.cpp:1184 real_choose_bitmap_format        [   0.17335] Found a format
d3d      I         d3d_disp.cpp:2283 _al_d3d_create_bitmap            [   0.17336] Chose bitmap format 9
dtor     D               dtor.c:184  _al_register_destructor          [   0.17358] added dtor for object 005C3650, func 0F962595
d3d      D          d3d_bmp.cpp:467  _al_d3d_sync_bitmap              [   0.17410] _al_d3d_sync_bitmap (system) ref count == 1
d3d      D          d3d_bmp.cpp:473  _al_d3d_sync_bitmap              [   0.17415] _al_d3d_sync_bitmap (video) ref count == 1
d3d      D         d3d_disp.cpp:1166 real_choose_bitmap_format        [   0.17962] Fake format
d3d      D         d3d_disp.cpp:1166 real_choose_bitmap_format        [   0.17967] Fake format
d3d      D         d3d_disp.cpp:1166 real_choose_bitmap_format        [   0.17970] Fake format
d3d      D         d3d_disp.cpp:1166 real_choose_bitmap_format        [   0.17972] Fake format
d3d      D         d3d_disp.cpp:1166 real_choose_bitmap_format        [   0.17974] Fake format
d3d      D         d3d_disp.cpp:1166 real_choose_bitmap_format        [   0.17977] Fake format
d3d      D         d3d_disp.cpp:1166 real_choose_bitmap_format        [   0.17980] Fake format
d3d      D         d3d_disp.cpp:1166 real_choose_bitmap_format        [   0.17982] Fake format
d3d      D         d3d_disp.cpp:1166 real_choose_bitmap_format        [   0.17985] Fake format
d3d      D         d3d_disp.cpp:1174 real_choose_bitmap_format        [   0.17987] Alpha doesn't match
d3d      D         d3d_disp.cpp:1181 real_choose_bitmap_format        [   0.17990] Adapter format is 23
d3d      D         d3d_disp.cpp:1184 real_choose_bitmap_format        [   0.17992] Found a format
d3d      I         d3d_disp.cpp:2283 _al_d3d_create_bitmap            [   0.17995] Chose bitmap format 9
dtor     D               dtor.c:184  _al_register_destructor          [   0.18016] added dtor for object 005BAEB0, func 0F962595
d3d      D          d3d_bmp.cpp:467  _al_d3d_sync_bitmap              [   0.18057] _al_d3d_sync_bitmap (system) ref count == 1
d3d      D          d3d_bmp.cpp:473  _al_d3d_sync_bitmap              [   0.18062] _al_d3d_sync_bitmap (video) ref count == 1
d3d      D         d3d_disp.cpp:1166 real_choose_bitmap_format        [   0.18589] Fake format
d3d      D         d3d_disp.cpp:1166 real_choose_bitmap_format        [   0.18595] Fake format
d3d      D         d3d_disp.cpp:1166 real_choose_bitmap_format        [   0.18597] Fake format
d3d      D         d3d_disp.cpp:1166 real_choose_bitmap_format        [   0.18599] Fake format
d3d      D         d3d_disp.cpp:1166 real_choose_bitmap_format        [   0.18601] Fake format
d3d      D         d3d_disp.cpp:1166 real_choose_bitmap_format        [   0.18603] Fake format
d3d      D         d3d_disp.cpp:1166 real_choose_bitmap_format        [   0.18605] Fake format
d3d      D         d3d_disp.cpp:1166 real_choose_bitmap_format        [   0.18608] Fake format
d3d      D         d3d_disp.cpp:1166 real_choose_bitmap_format        [   0.18610] Fake format
d3d      D         d3d_disp.cpp:1174 real_choose_bitmap_format        [   0.18612] Alpha doesn't match
d3d      D         d3d_disp.cpp:1181 real_choose_bitmap_format        [   0.18614] Adapter format is 23
d3d      D         d3d_disp.cpp:1184 real_choose_bitmap_format        [   0.18617] Found a format
d3d      I         d3d_disp.cpp:2283 _al_d3d_create_bitmap            [   0.18619] Chose bitmap format 9
dtor     D               dtor.c:184  _al_register_destructor          [   0.18642] added dtor for object 005BB9F0, func 0F962595
d3d      D          d3d_bmp.cpp:467  _al_d3d_sync_bitmap              [   0.18691] _al_d3d_sync_bitmap (system) ref count == 1
d3d      D          d3d_bmp.cpp:473  _al_d3d_sync_bitmap              [   0.18695] _al_d3d_sync_bitmap (video) ref count == 1
d3d      D         d3d_disp.cpp:1166 real_choose_bitmap_format        [   0.19245] Fake format
d3d      D         d3d_disp.cpp:1166 real_choose_bitmap_format        [   0.19253] Fake format
d3d      D         d3d_disp.cpp:1166 real_choose_bitmap_format        [   0.19255] Fake format
d3d      D         d3d_disp.cpp:1166 real_choose_bitmap_format        [   0.19257] Fake format
d3d      D         d3d_disp.cpp:1166 real_choose_bitmap_format        [   0.19259] Fake format
d3d      D         d3d_disp.cpp:1166 real_choose_bitmap_format        [   0.19261] Fake format
d3d      D         d3d_disp.cpp:1166 real_choose_bitmap_format        [   0.19263] Fake format
d3d      D         d3d_disp.cpp:1166 real_choose_bitmap_format        [   0.19265] Fake format
d3d      D         d3d_disp.cpp:1166 real_choose_bitmap_format        [   0.19268] Fake format
d3d      D         d3d_disp.cpp:1174 real_choose_bitmap_format        [   0.19270] Alpha doesn't match
d3d      D         d3d_disp.cpp:1181 real_choose_bitmap_format        [   0.19273] Adapter format is 23
d3d      D         d3d_disp.cpp:1184 real_choose_bitmap_format        [   0.19275] Found a format
d3d      I         d3d_disp.cpp:2283 _al_d3d_create_bitmap            [   0.19278] Chose bitmap format 9
dtor     D               dtor.c:184  _al_register_destructor          [   0.19299] added dtor for object 005C3760, func 0F962595
d3d      D          d3d_bmp.cpp:467  _al_d3d_sync_bitmap              [   0.19374] _al_d3d_sync_bitmap (system) ref count == 1
d3d      D          d3d_bmp.cpp:473  _al_d3d_sync_bitmap              [   0.19379] _al_d3d_sync_bitmap (video) ref count == 1
d3d      D         d3d_disp.cpp:1166 real_choose_bitmap_format        [   0.19901] Fake format
d3d      D         d3d_disp.cpp:1166 real_choose_bitmap_format        [   0.19905] Fake format
d3d      D         d3d_disp.cpp:1166 real_choose_bitmap_format        [   0.19907] Fake format
d3d      D         d3d_disp.cpp:1166 real_choose_bitmap_format        [   0.19909] Fake format
d3d      D         d3d_disp.cpp:1166 real_choose_bitmap_format        [   0.19911] Fake format
d3d      D         d3d_disp.cpp:1166 real_choose_bitmap_format        [   0.19913] Fake format
d3d      D         d3d_disp.cpp:1166 real_choose_bitmap_format        [   0.19915] Fake format
d3d      D         d3d_disp.cpp:1166 real_choose_bitmap_format        [   0.19917] Fake format
d3d      D         d3d_disp.cpp:1166 real_choose_bitmap_format        [   0.19919] Fake format
d3d      D         d3d_disp.cpp:1174 real_choose_bitmap_format        [   0.19921] Alpha doesn't match
d3d      D         d3d_disp.cpp:1181 real_choose_bitmap_format        [   0.19923] Adapter format is 23
d3d      D         d3d_disp.cpp:1184 real_choose_bitmap_format        [   0.19926] Found a format
d3d      I         d3d_disp.cpp:2283 _al_d3d_create_bitmap            [   0.19928] Chose bitmap format 9
dtor     D               dtor.c:184  _al_register_destructor          [   0.19950] added dtor for object 005C9D88, func 0F962595
d3d      D          d3d_bmp.cpp:467  _al_d3d_sync_bitmap              [   0.19999] _al_d3d_sync_bitmap (system) ref count == 1
d3d      D          d3d_bmp.cpp:473  _al_d3d_sync_bitmap              [   0.20003] _al_d3d_sync_bitmap (video) ref count == 1
d3d      D         d3d_disp.cpp:1166 real_choose_bitmap_format        [   0.20567] Fake format
d3d      D         d3d_disp.cpp:1166 real_choose_bitmap_format        [   0.20575] Fake format
d3d      D         d3d_disp.cpp:1166 real_choose_bitmap_format        [   0.20577] Fake format
d3d      D         d3d_disp.cpp:1166 real_choose_bitmap_format        [   0.20579] Fake format
d3d      D         d3d_disp.cpp:1166 real_choose_bitmap_format        [   0.20581] Fake format
d3d      D         d3d_disp.cpp:1166 real_choose_bitmap_format        [   0.20583] Fake format
d3d      D         d3d_disp.cpp:1166 real_choose_bitmap_format        [   0.20585] Fake format
d3d      D         d3d_disp.cpp:1166 real_choose_bitmap_format        [   0.20587] Fake format
d3d      D         d3d_disp.cpp:1166 real_choose_bitmap_format        [   0.20589] Fake format
d3d      D         d3d_disp.cpp:1174 real_choose_bitmap_format        [   0.20591] Alpha doesn't match
d3d      D         d3d_disp.cpp:1181 real_choose_bitmap_format        [   0.20593] Adapter format is 23
d3d      D         d3d_disp.cpp:1184 real_choose_bitmap_format        [   0.20595] Found a format
d3d      I         d3d_disp.cpp:2283 _al_d3d_create_bitmap            [   0.20597] Chose bitmap format 9
dtor     D               dtor.c:184  _al_register_destructor          [   0.20621] added dtor for object 005BB138, func 0F962595
d3d      D          d3d_bmp.cpp:467  _al_d3d_sync_bitmap              [   0.20688] _al_d3d_sync_bitmap (system) ref count == 1
d3d      D          d3d_bmp.cpp:473  _al_d3d_sync_bitmap              [   0.20693] _al_d3d_sync_bitmap (video) ref count == 1
d3d      D         d3d_disp.cpp:1166 real_choose_bitmap_format        [   0.21245] Fake format
d3d      D         d3d_disp.cpp:1166 real_choose_bitmap_format        [   0.21251] Fake format
d3d      D         d3d_disp.cpp:1166 real_choose_bitmap_format        [   0.21253] Fake format
d3d      D         d3d_disp.cpp:1166 real_choose_bitmap_format        [   0.21256] Fake format
d3d      D         d3d_disp.cpp:1166 real_choose_bitmap_format        [   0.21259] Fake format
d3d      D         d3d_disp.cpp:1166 real_choose_bitmap_format        [   0.21261] Fake format
d3d      D         d3d_disp.cpp:1166 real_choose_bitmap_format        [   0.21263] Fake format
d3d      D         d3d_disp.cpp:1166 real_choose_bitmap_format        [   0.21265] Fake format
d3d      D         d3d_disp.cpp:1166 real_choose_bitmap_format        [   0.21268] Fake format
d3d      D         d3d_disp.cpp:1174 real_choose_bitmap_format        [   0.21270] Alpha doesn't match
d3d      D         d3d_disp.cpp:1181 real_choose_bitmap_format        [   0.21272] Adapter format is 23
d3d      D         d3d_disp.cpp:1184 real_choose_bitmap_format        [   0.21275] Found a format
d3d      I         d3d_disp.cpp:2283 _al_d3d_create_bitmap            [   0.21277] Chose bitmap format 9
dtor     D               dtor.c:184  _al_register_destructor          [   0.21297] added dtor for object 005BB7C0, func 0F962595
d3d      D          d3d_bmp.cpp:467  _al_d3d_sync_bitmap              [   0.21350] _al_d3d_sync_bitmap (system) ref count == 1
d3d      D          d3d_bmp.cpp:473  _al_d3d_sync_bitmap              [   0.21353] _al_d3d_sync_bitmap (video) ref count == 1
d3d      D         d3d_disp.cpp:1166 real_choose_bitmap_format        [   0.21761] Fake format
d3d      D         d3d_disp.cpp:1166 real_choose_bitmap_format        [   0.21766] Fake format
d3d      D         d3d_disp.cpp:1166 real_choose_bitmap_format        [   0.21769] Fake format
d3d      D         d3d_disp.cpp:1166 real_choose_bitmap_format        [   0.21771] Fake format
d3d      D         d3d_disp.cpp:1166 real_choose_bitmap_format        [   0.21773] Fake format
d3d      D         d3d_disp.cpp:1166 real_choose_bitmap_format        [   0.21775] Fake format
d3d      D         d3d_disp.cpp:1166 real_choose_bitmap_format        [   0.21777] Fake format
d3d      D         d3d_disp.cpp:1166 real_choose_bitmap_format        [   0.21779] Fake format
d3d      D         d3d_disp.cpp:1166 real_choose_bitmap_format        [   0.21781] Fake format
d3d      D         d3d_disp.cpp:1174 real_choose_bitmap_format        [   0.21783] Alpha doesn't match
d3d      D         d3d_disp.cpp:1181 real_choose_bitmap_format        [   0.21786] Adapter format is 23
d3d      D         d3d_disp.cpp:1184 real_choose_bitmap_format        [   0.21788] Found a format
d3d      I         d3d_disp.cpp:2283 _al_d3d_create_bitmap            [   0.21790] Chose bitmap format 9
dtor     D               dtor.c:184  _al_register_destructor          [   0.21812] added dtor for object 005CD1E0, func 0F962595
d3d      D          d3d_bmp.cpp:467  _al_d3d_sync_bitmap              [   0.21858] _al_d3d_sync_bitmap (system) ref count == 1
d3d      D          d3d_bmp.cpp:473  _al_d3d_sync_bitmap              [   0.21863] _al_d3d_sync_bitmap (video) ref count == 1
d3d      D         d3d_disp.cpp:1166 real_choose_bitmap_format        [   0.22360] Fake format
d3d      D         d3d_disp.cpp:1166 real_choose_bitmap_format        [   0.22366] Fake format
d3d      D         d3d_disp.cpp:1166 real_choose_bitmap_format        [   0.22369] Fake format
d3d      D         d3d_disp.cpp:1166 real_choose_bitmap_format        [   0.22371] Fake format
d3d      D         d3d_disp.cpp:1166 real_choose_bitmap_format        [   0.22373] Fake format
d3d      D         d3d_disp.cpp:1166 real_choose_bitmap_format        [   0.22375] Fake format
d3d      D         d3d_disp.cpp:1166 real_choose_bitmap_format        [   0.22378] Fake format
d3d      D         d3d_disp.cpp:1166 real_choose_bitmap_format        [   0.22380] Fake format
d3d      D         d3d_disp.cpp:1166 real_choose_bitmap_format        [   0.22383] Fake format
d3d      D         d3d_disp.cpp:1174 real_choose_bitmap_format        [   0.22385] Alpha doesn't match
d3d      D         d3d_disp.cpp:1181 real_choose_bitmap_format        [   0.22388] Adapter format is 23
d3d      D         d3d_disp.cpp:1184 real_choose_bitmap_format        [   0.22391] Found a format
d3d      I         d3d_disp.cpp:2283 _al_d3d_create_bitmap            [   0.22393] Chose bitmap format 9
dtor     D               dtor.c:184  _al_register_destructor          [   0.22417] added dtor for object 005BB8D0, func 0F962595
d3d      D          d3d_bmp.cpp:467  _al_d3d_sync_bitmap              [   0.22470] _al_d3d_sync_bitmap (system) ref count == 1
d3d      D          d3d_bmp.cpp:473  _al_d3d_sync_bitmap              [   0.22474] _al_d3d_sync_bitmap (video) ref count == 1
d3d      D         d3d_disp.cpp:1166 real_choose_bitmap_format        [   0.22966] Fake format
d3d      D         d3d_disp.cpp:1166 real_choose_bitmap_format        [   0.22971] Fake format
d3d      D         d3d_disp.cpp:1166 real_choose_bitmap_format        [   0.22973] Fake format
d3d      D         d3d_disp.cpp:1166 real_choose_bitmap_format        [   0.22975] Fake format
d3d      D         d3d_disp.cpp:1166 real_choose_bitmap_format        [   0.22977] Fake format
d3d      D         d3d_disp.cpp:1166 real_choose_bitmap_format        [   0.22979] Fake format
d3d      D         d3d_disp.cpp:1166 real_choose_bitmap_format        [   0.22981] Fake format
d3d      D         d3d_disp.cpp:1166 real_choose_bitmap_format        [   0.22983] Fake format
d3d      D         d3d_disp.cpp:1166 real_choose_bitmap_format        [   0.22985] Fake format
d3d      D         d3d_disp.cpp:1174 real_choose_bitmap_format        [   0.22987] Alpha doesn't match
d3d      D         d3d_disp.cpp:1181 real_choose_bitmap_format        [   0.22989] Adapter format is 23
d3d      D         d3d_disp.cpp:1184 real_choose_bitmap_format        [   0.22991] Found a format
d3d      I         d3d_disp.cpp:2283 _al_d3d_create_bitmap            [   0.22993] Chose bitmap format 9
dtor     D               dtor.c:184  _al_register_destructor          [   0.23014] added dtor for object 005C2858, func 0F962595
d3d      D          d3d_bmp.cpp:467  _al_d3d_sync_bitmap              [   0.23064] _al_d3d_sync_bitmap (system) ref count == 1
d3d      D          d3d_bmp.cpp:473  _al_d3d_sync_bitmap              [   0.23068] _al_d3d_sync_bitmap (video) ref count == 1
d3d      D         d3d_disp.cpp:1166 real_choose_bitmap_format        [   0.23614] Fake format
d3d      D         d3d_disp.cpp:1166 real_choose_bitmap_format        [   0.23619] Fake format
d3d      D         d3d_disp.cpp:1166 real_choose_bitmap_format        [   0.23622] Fake format
d3d      D         d3d_disp.cpp:1166 real_choose_bitmap_format        [   0.23624] Fake format
d3d      D         d3d_disp.cpp:1166 real_choose_bitmap_format        [   0.23626] Fake format
d3d      D         d3d_disp.cpp:1166 real_choose_bitmap_format        [   0.23629] Fake format
d3d      D         d3d_disp.cpp:1166 real_choose_bitmap_format        [   0.23631] Fake format
d3d      D         d3d_disp.cpp:1166 real_choose_bitmap_format        [   0.23633] Fake format
d3d      D         d3d_disp.cpp:1166 real_choose_bitmap_format        [   0.23635] Fake format
d3d      D         d3d_disp.cpp:1174 real_choose_bitmap_format        [   0.23637] Alpha doesn't match
d3d      D         d3d_disp.cpp:1181 real_choose_bitmap_format        [   0.23639] Adapter format is 23
d3d      D         d3d_disp.cpp:1184 real_choose_bitmap_format        [   0.23642] Found a format
d3d      I         d3d_disp.cpp:2283 _al_d3d_create_bitmap            [   0.23644] Chose bitmap format 9
dtor     D               dtor.c:184  _al_register_destructor          [   0.23667] added dtor for object 005C2968, func 0F962595
d3d      D          d3d_bmp.cpp:467  _al_d3d_sync_bitmap              [   0.23720] _al_d3d_sync_bitmap (system) ref count == 1
d3d      D          d3d_bmp.cpp:473  _al_d3d_sync_bitmap              [   0.23724] _al_d3d_sync_bitmap (video) ref count == 1
d3d      D         d3d_disp.cpp:1166 real_choose_bitmap_format        [   0.24293] Fake format
d3d      D         d3d_disp.cpp:1166 real_choose_bitmap_format        [   0.24299] Fake format
d3d      D         d3d_disp.cpp:1166 real_choose_bitmap_format        [   0.24303] Fake format
d3d      D         d3d_disp.cpp:1166 real_choose_bitmap_format        [   0.24306] Fake format
d3d      D         d3d_disp.cpp:1166 real_choose_bitmap_format        [   0.24308] Fake format
d3d      D         d3d_disp.cpp:1166 real_choose_bitmap_format        [   0.24311] Fake format
d3d      D         d3d_disp.cpp:1166 real_choose_bitmap_format        [   0.24313] Fake format
d3d      D         d3d_disp.cpp:1166 real_choose_bitmap_format        [   0.24316] Fake format
d3d      D         d3d_disp.cpp:1166 real_choose_bitmap_format        [   0.24318] Fake format
d3d      D         d3d_disp.cpp:1174 real_choose_bitmap_format        [   0.24321] Alpha doesn't match
d3d      D         d3d_disp.cpp:1181 real_choose_bitmap_format        [   0.24323] Adapter format is 23
d3d      D         d3d_disp.cpp:1184 real_choose_bitmap_format        [   0.24325] Found a format
d3d      I         d3d_disp.cpp:2283 _al_d3d_create_bitmap            [   0.24328] Chose bitmap format 9
dtor     D               dtor.c:184  _al_register_destructor          [   0.24353] added dtor for object 005C2A78, func 0F962595
d3d      D          d3d_bmp.cpp:467  _al_d3d_sync_bitmap              [   0.24404] _al_d3d_sync_bitmap (system) ref count == 1
d3d      D          d3d_bmp.cpp:473  _al_d3d_sync_bitmap              [   0.24409] _al_d3d_sync_bitmap (video) ref count == 1
d3d      D         d3d_disp.cpp:1166 real_choose_bitmap_format        [   0.25109] Fake format
d3d      D         d3d_disp.cpp:1166 real_choose_bitmap_format        [   0.25114] Fake format
d3d      D         d3d_disp.cpp:1166 real_choose_bitmap_format        [   0.25116] Fake format
d3d      D         d3d_disp.cpp:1166 real_choose_bitmap_format        [   0.25119] Fake format
d3d      D         d3d_disp.cpp:1166 real_choose_bitmap_format        [   0.25121] Fake format
d3d      D         d3d_disp.cpp:1166 real_choose_bitmap_format        [   0.25123] Fake format
d3d      D         d3d_disp.cpp:1166 real_choose_bitmap_format        [   0.25125] Fake format
d3d      D         d3d_disp.cpp:1166 real_choose_bitmap_format        [   0.25128] Fake format
d3d      D         d3d_disp.cpp:1166 real_choose_bitmap_format        [   0.25130] Fake format
d3d      D         d3d_disp.cpp:1174 real_choose_bitmap_format        [   0.25132] Alpha doesn't match
d3d      D         d3d_disp.cpp:1181 real_choose_bitmap_format        [   0.25135] Adapter format is 23
d3d      D         d3d_disp.cpp:1184 real_choose_bitmap_format        [   0.25137] Found a format
d3d      I         d3d_disp.cpp:2283 _al_d3d_create_bitmap            [   0.25140] Chose bitmap format 9
dtor     D               dtor.c:184  _al_register_destructor          [   0.25162] added dtor for object 005D8390, func 0F962595
d3d      D          d3d_bmp.cpp:467  _al_d3d_sync_bitmap              [   0.25220] _al_d3d_sync_bitmap (system) ref count == 1
d3d      D          d3d_bmp.cpp:473  _al_d3d_sync_bitmap              [   0.25224] _al_d3d_sync_bitmap (video) ref count == 1
d3d      D         d3d_disp.cpp:1166 real_choose_bitmap_format        [   0.25707] Fake format
d3d      D         d3d_disp.cpp:1166 real_choose_bitmap_format        [   0.25712] Fake format
d3d      D         d3d_disp.cpp:1166 real_choose_bitmap_format        [   0.25714] Fake format
d3d      D         d3d_disp.cpp:1166 real_choose_bitmap_format        [   0.25717] Fake format
d3d      D         d3d_disp.cpp:1166 real_choose_bitmap_format        [   0.25719] Fake format
d3d      D         d3d_disp.cpp:1166 real_choose_bitmap_format        [   0.25721] Fake format
d3d      D         d3d_disp.cpp:1166 real_choose_bitmap_format        [   0.25723] Fake format
d3d      D         d3d_disp.cpp:1166 real_choose_bitmap_format        [   0.25725] Fake format
d3d      D         d3d_disp.cpp:1166 real_choose_bitmap_format        [   0.25728] Fake format
d3d      D         d3d_disp.cpp:1174 real_choose_bitmap_format        [   0.25730] Alpha doesn't match
d3d      D         d3d_disp.cpp:1181 real_choose_bitmap_format        [   0.25733] Adapter format is 23
d3d      D         d3d_disp.cpp:1184 real_choose_bitmap_format        [   0.25736] Found a format
d3d      I         d3d_disp.cpp:2283 _al_d3d_create_bitmap            [   0.25739] Chose bitmap format 9
dtor     D               dtor.c:184  _al_register_destructor          [   0.25764] added dtor for object 005DDE78, func 0F962595
d3d      D          d3d_bmp.cpp:467  _al_d3d_sync_bitmap              [   0.25811] _al_d3d_sync_bitmap (system) ref count == 1
d3d      D          d3d_bmp.cpp:473  _al_d3d_sync_bitmap              [   0.25814] _al_d3d_sync_bitmap (video) ref count == 1
d3d      D         d3d_disp.cpp:1166 real_choose_bitmap_format        [   0.26358] Fake format
d3d      D         d3d_disp.cpp:1166 real_choose_bitmap_format        [   0.26364] Fake format
d3d      D         d3d_disp.cpp:1166 real_choose_bitmap_format        [   0.26367] Fake format
d3d      D         d3d_disp.cpp:1166 real_choose_bitmap_format        [   0.26369] Fake format
d3d      D         d3d_disp.cpp:1166 real_choose_bitmap_format        [   0.26371] Fake format
d3d      D         d3d_disp.cpp:1166 real_choose_bitmap_format        [   0.26373] Fake format
d3d      D         d3d_disp.cpp:1166 real_choose_bitmap_format        [   0.26375] Fake format
d3d      D         d3d_disp.cpp:1166 real_choose_bitmap_format        [   0.26377] Fake format
d3d      D         d3d_disp.cpp:1166 real_choose_bitmap_format        [   0.26379] Fake format
d3d      D         d3d_disp.cpp:1174 real_choose_bitmap_format        [   0.26382] Alpha doesn't match
d3d      D         d3d_disp.cpp:1181 real_choose_bitmap_format        [   0.26384] Adapter format is 23
d3d      D         d3d_disp.cpp:1184 real_choose_bitmap_format        [   0.26387] Found a format
d3d      I         d3d_disp.cpp:2283 _al_d3d_create_bitmap            [   0.26390] Chose bitmap format 9
dtor     D               dtor.c:184  _al_register_destructor          [   0.26416] added dtor for object 005DEFC8, func 0F962595
d3d      D          d3d_bmp.cpp:467  _al_d3d_sync_bitmap              [   0.26477] _al_d3d_sync_bitmap (system) ref count == 1
d3d      D          d3d_bmp.cpp:473  _al_d3d_sync_bitmap              [   0.26484] _al_d3d_sync_bitmap (video) ref count == 1
d3d      D         d3d_disp.cpp:1166 real_choose_bitmap_format        [   0.27000] Fake format
d3d      D         d3d_disp.cpp:1166 real_choose_bitmap_format        [   0.27005] Fake format
d3d      D         d3d_disp.cpp:1166 real_choose_bitmap_format        [   0.27006] Fake format
d3d      D         d3d_disp.cpp:1166 real_choose_bitmap_format        [   0.27008] Fake format
d3d      D         d3d_disp.cpp:1166 real_choose_bitmap_format        [   0.27009] Fake format
d3d      D         d3d_disp.cpp:1166 real_choose_bitmap_format        [   0.27011] Fake format
d3d      D         d3d_disp.cpp:1166 real_choose_bitmap_format        [   0.27012] Fake format
d3d      D         d3d_disp.cpp:1166 real_choose_bitmap_format        [   0.27014] Fake format
d3d      D         d3d_disp.cpp:1166 real_choose_bitmap_format        [   0.27015] Fake format
d3d      D         d3d_disp.cpp:1174 real_choose_bitmap_format        [   0.27017] Alpha doesn't match
d3d      D         d3d_disp.cpp:1181 real_choose_bitmap_format        [   0.27018] Adapter format is 23
d3d      D         d3d_disp.cpp:1184 real_choose_bitmap_format        [   0.27020] Found a format
d3d      I         d3d_disp.cpp:2283 _al_d3d_create_bitmap            [   0.27022] Chose bitmap format 9
dtor     D               dtor.c:184  _al_register_destructor          [   0.27040] added dtor for object 005E0298, func 0F962595
d3d      D          d3d_bmp.cpp:467  _al_d3d_sync_bitmap              [   0.27083] _al_d3d_sync_bitmap (system) ref count == 1
d3d      D          d3d_bmp.cpp:473  _al_d3d_sync_bitmap              [   0.27088] _al_d3d_sync_bitmap (video) ref count == 1
d3d      D         d3d_disp.cpp:1166 real_choose_bitmap_format        [   0.27595] Fake format
d3d      D         d3d_disp.cpp:1166 real_choose_bitmap_format        [   0.27601] Fake format
d3d      D         d3d_disp.cpp:1166 real_choose_bitmap_format        [   0.27604] Fake format
d3d      D         d3d_disp.cpp:1166 real_choose_bitmap_format        [   0.27607] Fake format
d3d      D         d3d_disp.cpp:1166 real_choose_bitmap_format        [   0.27609] Fake format
d3d      D         d3d_disp.cpp:1166 real_choose_bitmap_format        [   0.27611] Fake format
d3d      D         d3d_disp.cpp:1166 real_choose_bitmap_format        [   0.27613] Fake format
d3d      D         d3d_disp.cpp:1166 real_choose_bitmap_format        [   0.27616] Fake format
d3d      D         d3d_disp.cpp:1166 real_choose_bitmap_format        [   0.27618] Fake format
d3d      D         d3d_disp.cpp:1174 real_choose_bitmap_format        [   0.27620] Alpha doesn't match
d3d      D         d3d_disp.cpp:1181 real_choose_bitmap_format        [   0.27622] Adapter format is 23
d3d      D         d3d_disp.cpp:1184 real_choose_bitmap_format        [   0.27625] Found a format
d3d      I         d3d_disp.cpp:2283 _al_d3d_create_bitmap            [   0.27627] Chose bitmap format 9
dtor     D               dtor.c:184  _al_register_destructor          [   0.27648] added dtor for object 005DCC38, func 0F962595
d3d      D          d3d_bmp.cpp:467  _al_d3d_sync_bitmap              [   0.27701] _al_d3d_sync_bitmap (system) ref count == 1
d3d      D          d3d_bmp.cpp:473  _al_d3d_sync_bitmap              [   0.27706] _al_d3d_sync_bitmap (video) ref count == 1
d3d      D         d3d_disp.cpp:1166 real_choose_bitmap_format        [   0.28323] Fake format
d3d      D         d3d_disp.cpp:1166 real_choose_bitmap_format        [   0.28327] Fake format
d3d      D         d3d_disp.cpp:1166 real_choose_bitmap_format        [   0.28330] Fake format
d3d      D         d3d_disp.cpp:1166 real_choose_bitmap_format        [   0.28333] Fake format
d3d      D         d3d_disp.cpp:1166 real_choose_bitmap_format        [   0.28335] Fake format
d3d      D         d3d_disp.cpp:1166 real_choose_bitmap_format        [   0.28338] Fake format
d3d      D         d3d_disp.cpp:1166 real_choose_bitmap_format        [   0.28340] Fake format
d3d      D         d3d_disp.cpp:1166 real_choose_bitmap_format        [   0.28342] Fake format
d3d      D         d3d_disp.cpp:1166 real_choose_bitmap_format        [   0.28345] Fake format
d3d      D         d3d_disp.cpp:1174 real_choose_bitmap_format        [   0.28349] Alpha doesn't match
d3d      D         d3d_disp.cpp:1181 real_choose_bitmap_format        [   0.28352] Adapter format is 23
d3d      D         d3d_disp.cpp:1184 real_choose_bitmap_format        [   0.28354] Found a format
d3d      I         d3d_disp.cpp:2283 _al_d3d_create_bitmap            [   0.28357] Chose bitmap format 9
dtor     D               dtor.c:184  _al_register_destructor          [   0.28379] added dtor for object 005E2670, func 0F962595
d3d      D          d3d_bmp.cpp:467  _al_d3d_sync_bitmap              [   0.28450] _al_d3d_sync_bitmap (system) ref count == 1
d3d      D          d3d_bmp.cpp:473  _al_d3d_sync_bitmap              [   0.28455] _al_d3d_sync_bitmap (video) ref count == 1
d3d      D         d3d_disp.cpp:1166 real_choose_bitmap_format        [   0.29083] Fake format
d3d      D         d3d_disp.cpp:1166 real_choose_bitmap_format        [   0.29088] Fake format
d3d      D         d3d_disp.cpp:1166 real_choose_bitmap_format        [   0.29090] Fake format
d3d      D         d3d_disp.cpp:1166 real_choose_bitmap_format        [   0.29092] Fake format
d3d      D         d3d_disp.cpp:1166 real_choose_bitmap_format        [   0.29094] Fake format
d3d      D         d3d_disp.cpp:1166 real_choose_bitmap_format        [   0.29097] Fake format
d3d      D         d3d_disp.cpp:1166 real_choose_bitmap_format        [   0.29099] Fake format
d3d      D         d3d_disp.cpp:1166 real_choose_bitmap_format        [   0.29102] Fake format
d3d      D         d3d_disp.cpp:1166 real_choose_bitmap_format        [   0.29104] Fake format
d3d      D         d3d_disp.cpp:1174 real_choose_bitmap_format        [   0.29114] Alpha doesn't match
d3d      D         d3d_disp.cpp:1181 real_choose_bitmap_format        [   0.29117] Adapter format is 23
d3d      D         d3d_disp.cpp:1184 real_choose_bitmap_format        [   0.29120] Found a format
d3d      I         d3d_disp.cpp:2283 _al_d3d_create_bitmap            [   0.29122] Chose bitmap format 9
dtor     D               dtor.c:184  _al_register_destructor          [   0.29147] added dtor for object 005C2B88, func 0F962595
d3d      D          d3d_bmp.cpp:467  _al_d3d_sync_bitmap              [   0.29248] _al_d3d_sync_bitmap (system) ref count == 1
d3d      D          d3d_bmp.cpp:473  _al_d3d_sync_bitmap              [   0.29253] _al_d3d_sync_bitmap (video) ref count == 1
d3d      D         d3d_disp.cpp:1166 real_choose_bitmap_format        [   0.29813] Fake format
d3d      D         d3d_disp.cpp:1166 real_choose_bitmap_format        [   0.29819] Fake format
d3d      D         d3d_disp.cpp:1166 real_choose_bitmap_format        [   0.29821] Fake format
d3d      D         d3d_disp.cpp:1166 real_choose_bitmap_format        [   0.29824] Fake format
d3d      D         d3d_disp.cpp:1166 real_choose_bitmap_format        [   0.29826] Fake format
d3d      D         d3d_disp.cpp:1166 real_choose_bitmap_format        [   0.29829] Fake format
d3d      D         d3d_disp.cpp:1166 real_choose_bitmap_format        [   0.29831] Fake format
d3d      D         d3d_disp.cpp:1166 real_choose_bitmap_format        [   0.29833] Fake format
d3d      D         d3d_disp.cpp:1166 real_choose_bitmap_format        [   0.29835] Fake format
d3d      D         d3d_disp.cpp:1174 real_choose_bitmap_format        [   0.29838] Alpha doesn't match
d3d      D         d3d_disp.cpp:1181 real_choose_bitmap_format        [   0.29840] Adapter format is 23
d3d      D         d3d_disp.cpp:1184 real_choose_bitmap_format        [   0.29843] Found a format
d3d      I         d3d_disp.cpp:2283 _al_d3d_create_bitmap            [   0.29846] Chose bitmap format 9
dtor     D               dtor.c:184  _al_register_destructor          [   0.29866] added dtor for object 005C2C98, func 0F962595
d3d      D          d3d_bmp.cpp:467  _al_d3d_sync_bitmap              [   0.29918] _al_d3d_sync_bitmap (system) ref count == 1
d3d      D          d3d_bmp.cpp:473  _al_d3d_sync_bitmap              [   0.29924] _al_d3d_sync_bitmap (video) ref count == 1
d3d      D         d3d_disp.cpp:1166 real_choose_bitmap_format        [   0.30477] Fake format
d3d      D         d3d_disp.cpp:1166 real_choose_bitmap_format        [   0.30484] Fake format
d3d      D         d3d_disp.cpp:1166 real_choose_bitmap_format        [   0.30486] Fake format
d3d      D         d3d_disp.cpp:1166 real_choose_bitmap_format        [   0.30488] Fake format
d3d      D         d3d_disp.cpp:1166 real_choose_bitmap_format        [   0.30489] Fake format
d3d      D         d3d_disp.cpp:1166 real_choose_bitmap_format        [   0.30492] Fake format
d3d      D         d3d_disp.cpp:1166 real_choose_bitmap_format        [   0.30494] Fake format
d3d      D         d3d_disp.cpp:1166 real_choose_bitmap_format        [   0.30496] Fake format
d3d      D         d3d_disp.cpp:1166 real_choose_bitmap_format        [   0.30498] Fake format
d3d      D         d3d_disp.cpp:1174 real_choose_bitmap_format        [   0.30501] Alpha doesn't match
d3d      D         d3d_disp.cpp:1181 real_choose_bitmap_format        [   0.30502] Adapter format is 23
d3d      D         d3d_disp.cpp:1184 real_choose_bitmap_format        [   0.30504] Found a format
d3d      I         d3d_disp.cpp:2283 _al_d3d_create_bitmap            [   0.30506] Chose bitmap format 9
dtor     D               dtor.c:184  _al_register_destructor          [   0.30526] added dtor for object 005C2DA8, func 0F962595
d3d      D          d3d_bmp.cpp:467  _al_d3d_sync_bitmap              [   0.30578] _al_d3d_sync_bitmap (system) ref count == 1
d3d      D          d3d_bmp.cpp:473  _al_d3d_sync_bitmap              [   0.30583] _al_d3d_sync_bitmap (video) ref count == 1
d3d      D         d3d_disp.cpp:1166 real_choose_bitmap_format        [   0.31079] Fake format
d3d      D         d3d_disp.cpp:1166 real_choose_bitmap_format        [   0.31086] Fake format
d3d      D         d3d_disp.cpp:1166 real_choose_bitmap_format        [   0.31088] Fake format
d3d      D         d3d_disp.cpp:1166 real_choose_bitmap_format        [   0.31090] Fake format
d3d      D         d3d_disp.cpp:1166 real_choose_bitmap_format        [   0.31092] Fake format
d3d      D         d3d_disp.cpp:1166 real_choose_bitmap_format        [   0.31095] Fake format
d3d      D         d3d_disp.cpp:1166 real_choose_bitmap_format        [   0.31097] Fake format
d3d      D         d3d_disp.cpp:1166 real_choose_bitmap_format        [   0.31099] Fake format
d3d      D         d3d_disp.cpp:1166 real_choose_bitmap_format        [   0.31101] Fake format
d3d      D         d3d_disp.cpp:1174 real_choose_bitmap_format        [   0.31104] Alpha doesn't match
d3d      D         d3d_disp.cpp:1181 real_choose_bitmap_format        [   0.31106] Adapter format is 23
d3d      D         d3d_disp.cpp:1184 real_choose_bitmap_format        [   0.31108] Found a format
d3d      I         d3d_disp.cpp:2283 _al_d3d_create_bitmap            [   0.31111] Chose bitmap format 9
dtor     D               dtor.c:184  _al_register_destructor          [   0.31131] added dtor for object 005D96C0, func 0F962595
d3d      D          d3d_bmp.cpp:467  _al_d3d_sync_bitmap              [   0.31232] _al_d3d_sync_bitmap (system) ref count == 1
d3d      D          d3d_bmp.cpp:473  _al_d3d_sync_bitmap              [   0.31239] _al_d3d_sync_bitmap (video) ref count == 1
bitmap   W          bitmap_io.c:226  al_load_bitmap                   [   0.32693] No handler for bitmap extensions .ttf - therefore not trying to load ui/fonts/pirulen.ttf.
bitmap   W          bitmap_io.c:226  al_load_bitmap                   [   0.32700] No handler for bitmap extensions .ttf - therefore not trying to load ui/fonts/pirulen.ttf.
bitmap   W          bitmap_io.c:226  al_load_bitmap                   [   0.32704] No handler for bitmap extensions .ttf - therefore not trying to load ui/fonts/pirulen.ttf.
bitmap   W          bitmap_io.c:226  al_load_bitmap                   [   0.32707] No handler for bitmap extensions .ttf - therefore not trying to load ui/fonts/pirulen.ttf.
bitmap   W          bitmap_io.c:226  al_load_bitmap                   [   0.32710] No handler for bitmap extensions .ttf - therefore not trying to load ui/fonts/pirulen.ttf.
d3d      D          d3d_bmp.cpp:467  _al_d3d_sync_bitmap              [   0.35482] _al_d3d_sync_bitmap (system) ref count == 1
d3d      D          d3d_bmp.cpp:473  _al_d3d_sync_bitmap              [   0.35523] _al_d3d_sync_bitmap (video) ref count == 1
d3d      D          d3d_bmp.cpp:467  _al_d3d_sync_bitmap              [   0.35563] _al_d3d_sync_bitmap (system) ref count == 1
d3d      D          d3d_bmp.cpp:473  _al_d3d_sync_bitmap              [   0.35566] _al_d3d_sync_bitmap (video) ref count == 1
d3d      D          d3d_bmp.cpp:467  _al_d3d_sync_bitmap              [   0.35587] _al_d3d_sync_bitmap (system) ref count == 1
d3d      D          d3d_bmp.cpp:473  _al_d3d_sync_bitmap              [   0.35590] _al_d3d_sync_bitmap (video) ref count == 1
d3d      D          d3d_bmp.cpp:467  _al_d3d_sync_bitmap              [   0.35609] _al_d3d_sync_bitmap (system) ref count == 1
d3d      D          d3d_bmp.cpp:473  _al_d3d_sync_bitmap              [   0.35613] _al_d3d_sync_bitmap (video) ref count == 1
d3d      D          d3d_bmp.cpp:467  _al_d3d_sync_bitmap              [   0.35641] _al_d3d_sync_bitmap (system) ref count == 1
d3d      D          d3d_bmp.cpp:473  _al_d3d_sync_bitmap              [   0.35646] _al_d3d_sync_bitmap (video) ref count == 1
d3d      D          d3d_bmp.cpp:467  _al_d3d_sync_bitmap              [   0.35681] _al_d3d_sync_bitmap (system) ref count == 1
d3d      D          d3d_bmp.cpp:473  _al_d3d_sync_bitmap              [   0.35685] _al_d3d_sync_bitmap (video) ref count == 1
d3d      D          d3d_bmp.cpp:467  _al_d3d_sync_bitmap              [   0.35706] _al_d3d_sync_bitmap (system) ref count == 1
d3d      D          d3d_bmp.cpp:473  _al_d3d_sync_bitmap              [   0.35710] _al_d3d_sync_bitmap (video) ref count == 1
d3d      D          d3d_bmp.cpp:467  _al_d3d_sync_bitmap              [   0.35730] _al_d3d_sync_bitmap (system) ref count == 1
d3d      D          d3d_bmp.cpp:473  _al_d3d_sync_bitmap              [   0.35733] _al_d3d_sync_bitmap (video) ref count == 1
d3d      D          d3d_bmp.cpp:467  _al_d3d_sync_bitmap              [   0.35751] _al_d3d_sync_bitmap (system) ref count == 1
d3d      D          d3d_bmp.cpp:473  _al_d3d_sync_bitmap              [   0.35753] _al_d3d_sync_bitmap (video) ref count == 1
d3d      D          d3d_bmp.cpp:467  _al_d3d_sync_bitmap              [   0.35769] _al_d3d_sync_bitmap (system) ref count == 1
d3d      D          d3d_bmp.cpp:473  _al_d3d_sync_bitmap              [   0.35772] _al_d3d_sync_bitmap (video) ref count == 1
d3d      D          d3d_bmp.cpp:467  _al_d3d_sync_bitmap              [   0.35790] _al_d3d_sync_bitmap (system) ref count == 1
d3d      D          d3d_bmp.cpp:473  _al_d3d_sync_bitmap              [   0.35793] _al_d3d_sync_bitmap (video) ref count == 1
d3d      D          d3d_bmp.cpp:467  _al_d3d_sync_bitmap              [   0.35808] _al_d3d_sync_bitmap (system) ref count == 1
d3d      D          d3d_bmp.cpp:473  _al_d3d_sync_bitmap              [   0.35812] _al_d3d_sync_bitmap (video) ref count == 1
d3d      D          d3d_bmp.cpp:467  _al_d3d_sync_bitmap              [   0.35829] _al_d3d_sync_bitmap (system) ref count == 1
d3d      D          d3d_bmp.cpp:473  _al_d3d_sync_bitmap              [   0.35833] _al_d3d_sync_bitmap (video) ref count == 1
d3d      D          d3d_bmp.cpp:467  _al_d3d_sync_bitmap              [   0.35852] _al_d3d_sync_bitmap (system) ref count == 1
d3d      D          d3d_bmp.cpp:473  _al_d3d_sync_bitmap              [   0.35855] _al_d3d_sync_bitmap (video) ref count == 1
d3d      D          d3d_bmp.cpp:467  _al_d3d_sync_bitmap              [   0.35871] _al_d3d_sync_bitmap (system) ref count == 1
d3d      D          d3d_bmp.cpp:473  _al_d3d_sync_bitmap              [   0.35874] _al_d3d_sync_bitmap (video) ref count == 1
d3d      D          d3d_bmp.cpp:467  _al_d3d_sync_bitmap              [   0.35894] _al_d3d_sync_bitmap (system) ref count == 1
d3d      D          d3d_bmp.cpp:473  _al_d3d_sync_bitmap              [   0.35898] _al_d3d_sync_bitmap (video) ref count == 1
d3d      D          d3d_bmp.cpp:467  _al_d3d_sync_bitmap              [   0.35918] _al_d3d_sync_bitmap (system) ref count == 1
d3d      D          d3d_bmp.cpp:473  _al_d3d_sync_bitmap              [   0.35921] _al_d3d_sync_bitmap (video) ref count == 1
d3d      D          d3d_bmp.cpp:467  _al_d3d_sync_bitmap              [   0.35938] _al_d3d_sync_bitmap (system) ref count == 1
d3d      D          d3d_bmp.cpp:473  _al_d3d_sync_bitmap              [   0.35941] _al_d3d_sync_bitmap (video) ref count == 1
d3d      D          d3d_bmp.cpp:467  _al_d3d_sync_bitmap              [   0.35957] _al_d3d_sync_bitmap (system) ref count == 1
d3d      D          d3d_bmp.cpp:473  _al_d3d_sync_bitmap              [   0.35960] _al_d3d_sync_bitmap (video) ref count == 1
d3d      D          d3d_bmp.cpp:467  _al_d3d_sync_bitmap              [   0.35975] _al_d3d_sync_bitmap (system) ref count == 1
d3d      D          d3d_bmp.cpp:473  _al_d3d_sync_bitmap              [   0.35978] _al_d3d_sync_bitmap (video) ref count == 1
d3d      D          d3d_bmp.cpp:467  _al_d3d_sync_bitmap              [   0.35994] _al_d3d_sync_bitmap (system) ref count == 1
d3d      D          d3d_bmp.cpp:473  _al_d3d_sync_bitmap              [   0.35997] _al_d3d_sync_bitmap (video) ref count == 1
d3d      D          d3d_bmp.cpp:467  _al_d3d_sync_bitmap              [   0.36012] _al_d3d_sync_bitmap (system) ref count == 1
d3d      D          d3d_bmp.cpp:473  _al_d3d_sync_bitmap              [   0.36015] _al_d3d_sync_bitmap (video) ref count == 1
d3d      D          d3d_bmp.cpp:467  _al_d3d_sync_bitmap              [   0.36032] _al_d3d_sync_bitmap (system) ref count == 1
d3d      D          d3d_bmp.cpp:473  _al_d3d_sync_bitmap              [   0.36035] _al_d3d_sync_bitmap (video) ref count == 1
d3d      D          d3d_bmp.cpp:467  _al_d3d_sync_bitmap              [   0.36052] _al_d3d_sync_bitmap (system) ref count == 1
d3d      D          d3d_bmp.cpp:473  _al_d3d_sync_bitmap              [   0.36056] _al_d3d_sync_bitmap (video) ref count == 1
dtor     D               dtor.c:214  _al_unregister_destructor        [  16.74587] removed dtor for object 005A9CB0
dtor     D               dtor.c:214  _al_unregister_destructor        [  16.74727] removed dtor for object 005A9A40
d3d      I         d3d_disp.cpp:921  d3d_destroy_display              [  16.74734] destroying display 0058CAB8 (current 00000000)
bitmap   D             bitmap.c:548  _al_convert_to_memory_bitmap     [  16.74739] converting display bitmap 005D96C0 to memory bitmap
d3d      D          d3d_bmp.cpp:467  _al_d3d_sync_bitmap              [  16.74748] _al_d3d_sync_bitmap (system) ref count == 1
d3d      D          d3d_bmp.cpp:473  _al_d3d_sync_bitmap              [  16.74752] _al_d3d_sync_bitmap (video) ref count == 1
bitmap   D             bitmap.c:548  _al_convert_to_memory_bitmap     [  16.74810] converting display bitmap 005C2DA8 to memory bitmap
d3d      D          d3d_bmp.cpp:467  _al_d3d_sync_bitmap              [  16.74820] _al_d3d_sync_bitmap (system) ref count == 1
d3d      D          d3d_bmp.cpp:473  _al_d3d_sync_bitmap              [  16.74824] _al_d3d_sync_bitmap (video) ref count == 1
bitmap   D             bitmap.c:548  _al_convert_to_memory_bitmap     [  16.74885] converting display bitmap 005C2C98 to memory bitmap
d3d      D          d3d_bmp.cpp:467  _al_d3d_sync_bitmap              [  16.74897] _al_d3d_sync_bitmap (system) ref count == 1
d3d      D          d3d_bmp.cpp:473  _al_d3d_sync_bitmap              [  16.74902] _al_d3d_sync_bitmap (video) ref count == 1
bitmap   D             bitmap.c:548  _al_convert_to_memory_bitmap     [  16.74969] converting display bitmap 005C2B88 to memory bitmap
d3d      D          d3d_bmp.cpp:467  _al_d3d_sync_bitmap              [  16.74978] _al_d3d_sync_bitmap (system) ref count == 1
d3d      D          d3d_bmp.cpp:473  _al_d3d_sync_bitmap              [  16.74983] _al_d3d_sync_bitmap (video) ref count == 1
bitmap   D             bitmap.c:548  _al_convert_to_memory_bitmap     [  16.75056] converting display bitmap 005E2670 to memory bitmap
d3d      D          d3d_bmp.cpp:467  _al_d3d_sync_bitmap              [  16.75065] _al_d3d_sync_bitmap (system) ref count == 1
d3d      D          d3d_bmp.cpp:473  _al_d3d_sync_bitmap              [  16.75069] _al_d3d_sync_bitmap (video) ref count == 1
bitmap   D             bitmap.c:548  _al_convert_to_memory_bitmap     [  16.75137] converting display bitmap 005DCC38 to memory bitmap
d3d      D          d3d_bmp.cpp:467  _al_d3d_sync_bitmap              [  16.75144] _al_d3d_sync_bitmap (system) ref count == 1
d3d      D          d3d_bmp.cpp:473  _al_d3d_sync_bitmap              [  16.75148] _al_d3d_sync_bitmap (video) ref count == 1
bitmap   D             bitmap.c:548  _al_convert_to_memory_bitmap     [  16.75223] converting display bitmap 005E0298 to memory bitmap
d3d      D          d3d_bmp.cpp:467  _al_d3d_sync_bitmap              [  16.75233] _al_d3d_sync_bitmap (system) ref count == 1
d3d      D          d3d_bmp.cpp:473  _al_d3d_sync_bitmap              [  16.75238] _al_d3d_sync_bitmap (video) ref count == 1
bitmap   D             bitmap.c:548  _al_convert_to_memory_bitmap     [  16.75297] converting display bitmap 005DEFC8 to memory bitmap
d3d      D          d3d_bmp.cpp:467  _al_d3d_sync_bitmap              [  16.75306] _al_d3d_sync_bitmap (system) ref count == 1
d3d      D          d3d_bmp.cpp:473  _al_d3d_sync_bitmap              [  16.75311] _al_d3d_sync_bitmap (video) ref count == 1
bitmap   D             bitmap.c:548  _al_convert_to_memory_bitmap     [  16.75375] converting display bitmap 005DDE78 to memory bitmap
d3d      D          d3d_bmp.cpp:467  _al_d3d_sync_bitmap              [  16.75385] _al_d3d_sync_bitmap (system) ref count == 1
d3d      D          d3d_bmp.cpp:473  _al_d3d_sync_bitmap              [  16.75390] _al_d3d_sync_bitmap (video) ref count == 1
bitmap   D             bitmap.c:548  _al_convert_to_memory_bitmap     [  16.75449] converting display bitmap 005D8390 to memory bitmap
d3d      D          d3d_bmp.cpp:467  _al_d3d_sync_bitmap              [  16.75458] _al_d3d_sync_bitmap (system) ref count == 1
d3d      D          d3d_bmp.cpp:473  _al_d3d_sync_bitmap              [  16.75463] _al_d3d_sync_bitmap (video) ref count == 1
bitmap   D             bitmap.c:548  _al_convert_to_memory_bitmap     [  16.75527] converting display bitmap 005C2A78 to memory bitmap
d3d      D          d3d_bmp.cpp:467  _al_d3d_sync_bitmap              [  16.75538] _al_d3d_sync_bitmap (system) ref count == 1
d3d      D          d3d_bmp.cpp:473  _al_d3d_sync_bitmap              [  16.75543] _al_d3d_sync_bitmap (video) ref count == 1
bitmap   D             bitmap.c:548  _al_convert_to_memory_bitmap     [  16.75613] converting display bitmap 005C2968 to memory bitmap
d3d      D          d3d_bmp.cpp:467  _al_d3d_sync_bitmap              [  16.75624] _al_d3d_sync_bitmap (system) ref count == 1
d3d      D          d3d_bmp.cpp:473  _al_d3d_sync_bitmap              [  16.75629] _al_d3d_sync_bitmap (video) ref count == 1
bitmap   D             bitmap.c:548  _al_convert_to_memory_bitmap     [  16.75692] converting display bitmap 005C2858 to memory bitmap
d3d      D          d3d_bmp.cpp:467  _al_d3d_sync_bitmap              [  16.75702] _al_d3d_sync_bitmap (system) ref count == 1
d3d      D          d3d_bmp.cpp:473  _al_d3d_sync_bitmap              [  16.75706] _al_d3d_sync_bitmap (video) ref count == 1
bitmap   D             bitmap.c:548  _al_convert_to_memory_bitmap     [  16.75775] converting display bitmap 005BB8D0 to memory bitmap
d3d      D          d3d_bmp.cpp:467  _al_d3d_sync_bitmap              [  16.75783] _al_d3d_sync_bitmap (system) ref count == 1
d3d      D          d3d_bmp.cpp:473  _al_d3d_sync_bitmap              [  16.75788] _al_d3d_sync_bitmap (video) ref count == 1
bitmap   D             bitmap.c:548  _al_convert_to_memory_bitmap     [  16.75859] converting display bitmap 005CD1E0 to memory bitmap
d3d      D          d3d_bmp.cpp:467  _al_d3d_sync_bitmap              [  16.75868] _al_d3d_sync_bitmap (system) ref count == 1
d3d      D          d3d_bmp.cpp:473  _al_d3d_sync_bitmap              [  16.75873] _al_d3d_sync_bitmap (video) ref count == 1
bitmap   D             bitmap.c:548  _al_convert_to_memory_bitmap     [  16.75940] converting display bitmap 005BB7C0 to memory bitmap
d3d      D          d3d_bmp.cpp:467  _al_d3d_sync_bitmap              [  16.75950] _al_d3d_sync_bitmap (system) ref count == 1
d3d      D          d3d_bmp.cpp:473  _al_d3d_sync_bitmap              [  16.75955] _al_d3d_sync_bitmap (video) ref count == 1
bitmap   D             bitmap.c:548  _al_convert_to_memory_bitmap     [  16.76028] converting display bitmap 005BB138 to memory bitmap
d3d      D          d3d_bmp.cpp:467  _al_d3d_sync_bitmap              [  16.76036] _al_d3d_sync_bitmap (system) ref count == 1
d3d      D          d3d_bmp.cpp:473  _al_d3d_sync_bitmap              [  16.76041] _al_d3d_sync_bitmap (video) ref count == 1
bitmap   D             bitmap.c:548  _al_convert_to_memory_bitmap     [  16.76137] converting display bitmap 005C9D88 to memory bitmap
d3d      D          d3d_bmp.cpp:467  _al_d3d_sync_bitmap              [  16.76147] _al_d3d_sync_bitmap (system) ref count == 1
d3d      D          d3d_bmp.cpp:473  _al_d3d_sync_bitmap              [  16.76152] _al_d3d_sync_bitmap (video) ref count == 1
bitmap   D             bitmap.c:548  _al_convert_to_memory_bitmap     [  16.76232] converting display bitmap 005C3760 to memory bitmap
d3d      D          d3d_bmp.cpp:467  _al_d3d_sync_bitmap              [  16.76241] _al_d3d_sync_bitmap (system) ref count == 1
d3d      D          d3d_bmp.cpp:473  _al_d3d_sync_bitmap              [  16.76246] _al_d3d_sync_bitmap (video) ref count == 1
bitmap   D             bitmap.c:548  _al_convert_to_memory_bitmap     [  16.76328] converting display bitmap 005BB9F0 to memory bitmap
d3d      D          d3d_bmp.cpp:467  _al_d3d_sync_bitmap              [  16.76339] _al_d3d_sync_bitmap (system) ref count == 1
d3d      D          d3d_bmp.cpp:473  _al_d3d_sync_bitmap              [  16.76344] _al_d3d_sync_bitmap (video) ref count == 1
bitmap   D             bitmap.c:548  _al_convert_to_memory_bitmap     [  16.76422] converting display bitmap 005BAEB0 to memory bitmap
d3d      D          d3d_bmp.cpp:467  _al_d3d_sync_bitmap              [  16.76432] _al_d3d_sync_bitmap (system) ref count == 1
d3d      D          d3d_bmp.cpp:473  _al_d3d_sync_bitmap              [  16.76437] _al_d3d_sync_bitmap (video) ref count == 1
bitmap   D             bitmap.c:548  _al_convert_to_memory_bitmap     [  16.76527] converting display bitmap 005C3650 to memory bitmap
d3d      D          d3d_bmp.cpp:467  _al_d3d_sync_bitmap              [  16.76537] _al_d3d_sync_bitmap (system) ref count == 1
d3d      D          d3d_bmp.cpp:473  _al_d3d_sync_bitmap              [  16.76542] _al_d3d_sync_bitmap (video) ref count == 1
bitmap   D             bitmap.c:548  _al_convert_to_memory_bitmap     [  16.76629] converting display bitmap 005BB028 to memory bitmap
d3d      D          d3d_bmp.cpp:467  _al_d3d_sync_bitmap              [  16.76638] _al_d3d_sync_bitmap (system) ref count == 1
d3d      D          d3d_bmp.cpp:473  _al_d3d_sync_bitmap              [  16.76642] _al_d3d_sync_bitmap (video) ref count == 1
bitmap   D             bitmap.c:548  _al_convert_to_memory_bitmap     [  16.76735] converting display bitmap 005C3AF8 to memory bitmap
d3d      D          d3d_bmp.cpp:467  _al_d3d_sync_bitmap              [  16.76746] _al_d3d_sync_bitmap (system) ref count == 1
d3d      D          d3d_bmp.cpp:473  _al_d3d_sync_bitmap              [  16.76751] _al_d3d_sync_bitmap (video) ref count == 1
d3d      D         d3d_disp.cpp:905  d3d_destroy_display_internals    [  16.76831] waiting for display 0058CAB8's thread to end
d3d      W         d3d_disp.cpp:617  d3d_destroy_device               [  16.78630] d3d_destroy_device: ref count not 0
d3d      I         d3d_disp.cpp:1527 d3d_display_thread_proc          [  16.81657] d3d display thread exits
dtor     D               dtor.c:214  _al_unregister_destructor        [  16.81897] removed dtor for object 005A36F0
dtor     D               dtor.c:214  _al_unregister_destructor        [  16.81904] removed dtor for object 005A3E98
dtor     D               dtor.c:214  _al_unregister_destructor        [  16.81907] removed dtor for object 005A9FE8
dtor     D               dtor.c:214  _al_unregister_destructor        [  16.81910] removed dtor for object 005A31C0
audio-dsound D           dsound.cpp:526  _dsound_stop_voice               [  16.81913] Stopping voice
audio-dsound D           dsound.cpp:542  _dsound_stop_voice               [  16.81917] Joining thread
audio-dsound D           dsound.cpp:548  _dsound_stop_voice               [  16.82108] Joined thread
audio-dsound D           dsound.cpp:550  _dsound_stop_voice               [  16.82126] Destroying thread
audio-dsound D           dsound.cpp:552  _dsound_stop_voice               [  16.82131] Thread destroyed
audio-dsound D           dsound.cpp:555  _dsound_stop_voice               [  16.82133] Releasing buffer
audio-dsound I           dsound.cpp:559  _dsound_stop_voice               [  16.82136] Voice stopped
dtor     D               dtor.c:214  _al_unregister_destructor        [  16.82145] removed dtor for object 005A9E70
audio-dsound D           dsound.cpp:375  _dsound_deallocate_voice         [  16.82149] Deallocating voice
audio-dsound D           dsound.cpp:380  _dsound_deallocate_voice         [  16.82151] Deallocated voice
dtor     D               dtor.c:114  _al_run_destructors              [  16.82163] calling dtor for object 005BE420, func 0F96237E
dtor     D               dtor.c:214  _al_unregister_destructor        [  16.82167] removed dtor for object 005BE420
dtor     D               dtor.c:114  _al_run_destructors              [  16.82171] calling dtor for object 005BA300, func 0F96237E
dtor     D               dtor.c:214  _al_unregister_destructor        [  16.82174] removed dtor for object 005BA300
dtor     D               dtor.c:114  _al_run_destructors              [  16.82177] calling dtor for object 005BA7C8, func 0F96237E
dtor     D               dtor.c:214  _al_unregister_destructor        [  16.82180] removed dtor for object 005BA7C8
audio-dsound D           dsound.cpp:289  _dsound_close                    [  16.82183] Releasing device
audio-dsound D           dsound.cpp:291  _dsound_close                    [  16.83295] Released device
audio-dsound I           dsound.cpp:294  _dsound_close                    [  16.83305] DirectSound closed
dtor     D               dtor.c:114  _al_run_destructors              [  16.83311] calling dtor for object 005D96C0, func 0F962595
dtor     D               dtor.c:214  _al_unregister_destructor        [  16.83314] removed dtor for object 005D96C0
dtor     D               dtor.c:114  _al_run_destructors              [  16.83318] calling dtor for object 005C2DA8, func 0F962595
dtor     D               dtor.c:214  _al_unregister_destructor        [  16.83321] removed dtor for object 005C2DA8
dtor     D               dtor.c:114  _al_run_destructors              [  16.83324] calling dtor for object 005C2C98, func 0F962595
dtor     D               dtor.c:214  _al_unregister_destructor        [  16.83326] removed dtor for object 005C2C98
dtor     D               dtor.c:114  _al_run_destructors              [  16.83329] calling dtor for object 005C2B88, func 0F962595
dtor     D               dtor.c:214  _al_unregister_destructor        [  16.83332] removed dtor for object 005C2B88
dtor     D               dtor.c:114  _al_run_destructors              [  16.83335] calling dtor for object 005E2670, func 0F962595
dtor     D               dtor.c:214  _al_unregister_destructor        [  16.83338] removed dtor for object 005E2670
dtor     D               dtor.c:114  _al_run_destructors              [  16.83343] calling dtor for object 005DCC38, func 0F962595
dtor     D               dtor.c:214  _al_unregister_destructor        [  16.83346] removed dtor for object 005DCC38
dtor     D               dtor.c:114  _al_run_destructors              [  16.83349] calling dtor for object 005E0298, func 0F962595
dtor     D               dtor.c:214  _al_unregister_destructor        [  16.83352] removed dtor for object 005E0298
dtor     D               dtor.c:114  _al_run_destructors              [  16.83360] calling dtor for object 005DEFC8, func 0F962595
dtor     D               dtor.c:214  _al_unregister_destructor        [  16.83363] removed dtor for object 005DEFC8
dtor     D               dtor.c:114  _al_run_destructors              [  16.83371] calling dtor for object 005DDE78, func 0F962595
dtor     D               dtor.c:214  _al_unregister_destructor        [  16.83374] removed dtor for object 005DDE78
dtor     D               dtor.c:114  _al_run_destructors              [  16.83378] calling dtor for object 005D8390, func 0F962595
dtor     D               dtor.c:214  _al_unregister_destructor        [  16.83381] removed dtor for object 005D8390
dtor     D               dtor.c:114  _al_run_destructors              [  16.83385] calling dtor for object 005C2A78, func 0F962595
dtor     D               dtor.c:214  _al_unregister_destructor        [  16.83388] removed dtor for object 005C2A78
dtor     D               dtor.c:114  _al_run_destructors              [  16.83391] calling dtor for object 005C2968, func 0F962595
dtor     D               dtor.c:214  _al_unregister_destructor        [  16.83394] removed dtor for object 005C2968
dtor     D               dtor.c:114  _al_run_destructors              [  16.83398] calling dtor for object 005C2858, func 0F962595
dtor     D               dtor.c:214  _al_unregister_destructor        [  16.83401] removed dtor for object 005C2858
dtor     D               dtor.c:114  _al_run_destructors              [  16.83406] calling dtor for object 005BB8D0, func 0F962595
dtor     D               dtor.c:214  _al_unregister_destructor        [  16.83409] removed dtor for object 005BB8D0
dtor     D               dtor.c:114  _al_run_destructors              [  16.83413] calling dtor for object 005CD1E0, func 0F962595
dtor     D               dtor.c:214  _al_unregister_destructor        [  16.83419] removed dtor for object 005CD1E0
dtor     D               dtor.c:114  _al_run_destructors              [  16.83423] calling dtor for object 005BB7C0, func 0F962595
dtor     D               dtor.c:214  _al_unregister_destructor        [  16.83426] removed dtor for object 005BB7C0
dtor     D               dtor.c:114  _al_run_destructors              [  16.83431] calling dtor for object 005BB138, func 0F962595
dtor     D               dtor.c:214  _al_unregister_destructor        [  16.83433] removed dtor for object 005BB138
dtor     D               dtor.c:114  _al_run_destructors              [  16.83438] calling dtor for object 005C9D88, func 0F962595
dtor     D               dtor.c:214  _al_unregister_destructor        [  16.83441] removed dtor for object 005C9D88
dtor     D               dtor.c:114  _al_run_destructors              [  16.83445] calling dtor for object 005C3760, func 0F962595
dtor     D               dtor.c:214  _al_unregister_destructor        [  16.83448] removed dtor for object 005C3760
dtor     D               dtor.c:114  _al_run_destructors              [  16.83453] calling dtor for object 005BB9F0, func 0F962595
dtor     D               dtor.c:214  _al_unregister_destructor        [  16.83456] removed dtor for object 005BB9F0
dtor     D               dtor.c:114  _al_run_destructors              [  16.83460] calling dtor for object 005BAEB0, func 0F962595
dtor     D               dtor.c:214  _al_unregister_destructor        [  16.83463] removed dtor for object 005BAEB0
dtor     D               dtor.c:114  _al_run_destructors              [  16.83468] calling dtor for object 005C3650, func 0F962595
dtor     D               dtor.c:214  _al_unregister_destructor        [  16.83471] removed dtor for object 005C3650
dtor     D               dtor.c:114  _al_run_destructors              [  16.83476] calling dtor for object 005BB028, func 0F962595
dtor     D               dtor.c:214  _al_unregister_destructor        [  16.83479] removed dtor for object 005BB028
dtor     D               dtor.c:114  _al_run_destructors              [  16.83484] calling dtor for object 005C3AF8, func 0F962595
dtor     D               dtor.c:214  _al_unregister_destructor        [  16.83487] removed dtor for object 005C3AF8
