c:\users\dpackard\documents\github\radiation\radiation\radiationengine\radiationengine\debug\vc110.pdb
c:\users\dpackard\documents\github\radiation\radiation\radiationengine\radiationengine\debug\main.obj
c:\users\dpackard\documents\github\radiation\radiation\radiationengine\debug\radiationengine.ilk
c:\users\dpackard\documents\github\radiation\radiation\radiationengine\debug\radiationengine.exe
c:\users\dpackard\documents\github\radiation\radiation\radiationengine\debug\radiationengine.pdb
c:\users\dpackard\dropbox\k-alpha\radiation\radiation\radiationengine\radiationengine\debug\vc120.pdb
c:\users\dpackard\dropbox\k-alpha\radiation\radiation\radiationengine\radiationengine\debug\vc120.idb
c:\users\dpackard\dropbox\k-alpha\radiation\radiation\radiationengine\radiationengine\debug\main.obj
c:\users\dpackard\dropbox\k-alpha\radiation\radiation\radiationengine\radiationengine\debug\engine.obj
c:\users\dpackard\dropbox\k-alpha\radiation\radiation\radiationengine\debug\radiationengine.ilk
c:\users\dpackard\dropbox\k-alpha\radiation\radiation\radiationengine\debug\radiationengine.exe
c:\users\dpackard\dropbox\k-alpha\radiation\radiation\radiationengine\debug\radiationengine.pdb
c:\users\dpackard\dropbox\k-alpha\radiation\radiation\radiationengine\debug\radiationengine.lib
c:\users\dpackard\dropbox\k-alpha\radiation\radiation\radiationengine\debug\radiationengine.exp
c:\users\dpackard\dropbox\k-alpha\radiation\radiation\radiationengine\radiationengine\debug\radiationengine.ilk
c:\users\dpackard\dropbox\k-alpha\radiation\radiation\radiationengine\radiationengine\debug\cl.command.1.tlog
c:\users\dpackard\dropbox\k-alpha\radiation\radiation\radiationengine\radiationengine\debug\cl.read.1.tlog
c:\users\dpackard\dropbox\k-alpha\radiation\radiation\radiationengine\radiationengine\debug\cl.write.1.tlog
c:\users\dpackard\dropbox\k-alpha\radiation\radiation\radiationengine\radiationengine\debug\link-cvtres.read.1.tlog
c:\users\dpackard\dropbox\k-alpha\radiation\radiation\radiationengine\radiationengine\debug\link-cvtres.write.1.tlog
c:\users\dpackard\dropbox\k-alpha\radiation\radiation\radiationengine\radiationengine\debug\link-rc.read.1.tlog
c:\users\dpackard\dropbox\k-alpha\radiation\radiation\radiationengine\radiationengine\debug\link-rc.write.1.tlog
c:\users\dpackard\dropbox\k-alpha\radiation\radiation\radiationengine\radiationengine\debug\link.10136-cvtres.read.1.tlog
c:\users\dpackard\dropbox\k-alpha\radiation\radiation\radiationengine\radiationengine\debug\link.10136-cvtres.write.1.tlog
c:\users\dpackard\dropbox\k-alpha\radiation\radiation\radiationengine\radiationengine\debug\link.10136-rc.read.1.tlog
c:\users\dpackard\dropbox\k-alpha\radiation\radiation\radiationengine\radiationengine\debug\link.10136-rc.write.1.tlog
c:\users\dpackard\dropbox\k-alpha\radiation\radiation\radiationengine\radiationengine\debug\link.10136.read.1.tlog
c:\users\dpackard\dropbox\k-alpha\radiation\radiation\radiationengine\radiationengine\debug\link.10136.write.1.tlog
c:\users\dpackard\dropbox\k-alpha\radiation\radiation\radiationengine\radiationengine\debug\link.10140-cvtres.read.1.tlog
c:\users\dpackard\dropbox\k-alpha\radiation\radiation\radiationengine\radiationengine\debug\link.10140-cvtres.write.1.tlog
c:\users\dpackard\dropbox\k-alpha\radiation\radiation\radiationengine\radiationengine\debug\link.10140-rc.read.1.tlog
c:\users\dpackard\dropbox\k-alpha\radiation\radiation\radiationengine\radiationengine\debug\link.10140-rc.write.1.tlog
c:\users\dpackard\dropbox\k-alpha\radiation\radiation\radiationengine\radiationengine\debug\link.10140.read.1.tlog
c:\users\dpackard\dropbox\k-alpha\radiation\radiation\radiationengine\radiationengine\debug\link.10140.write.1.tlog
c:\users\dpackard\dropbox\k-alpha\radiation\radiation\radiationengine\radiationengine\debug\link.10220-cvtres.read.1.tlog
c:\users\dpackard\dropbox\k-alpha\radiation\radiation\radiationengine\radiationengine\debug\link.10220-cvtres.write.1.tlog
c:\users\dpackard\dropbox\k-alpha\radiation\radiation\radiationengine\radiationengine\debug\link.10220-rc.read.1.tlog
c:\users\dpackard\dropbox\k-alpha\radiation\radiation\radiationengine\radiationengine\debug\link.10220-rc.write.1.tlog
c:\users\dpackard\dropbox\k-alpha\radiation\radiation\radiationengine\radiationengine\debug\link.10220.read.1.tlog
c:\users\dpackard\dropbox\k-alpha\radiation\radiation\radiationengine\radiationengine\debug\link.10220.write.1.tlog
c:\users\dpackard\dropbox\k-alpha\radiation\radiation\radiationengine\radiationengine\debug\link.10264-cvtres.read.1.tlog
c:\users\dpackard\dropbox\k-alpha\radiation\radiation\radiationengine\radiationengine\debug\link.10264-cvtres.write.1.tlog
c:\users\dpackard\dropbox\k-alpha\radiation\radiation\radiationengine\radiationengine\debug\link.10264-rc.read.1.tlog
c:\users\dpackard\dropbox\k-alpha\radiation\radiation\radiationengine\radiationengine\debug\link.10264-rc.write.1.tlog
c:\users\dpackard\dropbox\k-alpha\radiation\radiation\radiationengine\radiationengine\debug\link.10264.read.1.tlog
c:\users\dpackard\dropbox\k-alpha\radiation\radiation\radiationengine\radiationengine\debug\link.10264.write.1.tlog
c:\users\dpackard\dropbox\k-alpha\radiation\radiation\radiationengine\radiationengine\debug\link.10892-cvtres.read.1.tlog
c:\users\dpackard\dropbox\k-alpha\radiation\radiation\radiationengine\radiationengine\debug\link.10892-cvtres.write.1.tlog
c:\users\dpackard\dropbox\k-alpha\radiation\radiation\radiationengine\radiationengine\debug\link.10892-rc.read.1.tlog
c:\users\dpackard\dropbox\k-alpha\radiation\radiation\radiationengine\radiationengine\debug\link.10892-rc.write.1.tlog
c:\users\dpackard\dropbox\k-alpha\radiation\radiation\radiationengine\radiationengine\debug\link.10892.read.1.tlog
c:\users\dpackard\dropbox\k-alpha\radiation\radiation\radiationengine\radiationengine\debug\link.10892.write.1.tlog
c:\users\dpackard\dropbox\k-alpha\radiation\radiation\radiationengine\radiationengine\debug\link.10952-cvtres.read.1.tlog
c:\users\dpackard\dropbox\k-alpha\radiation\radiation\radiationengine\radiationengine\debug\link.10952-cvtres.write.1.tlog
c:\users\dpackard\dropbox\k-alpha\radiation\radiation\radiationengine\radiationengine\debug\link.10952-rc.read.1.tlog
c:\users\dpackard\dropbox\k-alpha\radiation\radiation\radiationengine\radiationengine\debug\link.10952-rc.write.1.tlog
c:\users\dpackard\dropbox\k-alpha\radiation\radiation\radiationengine\radiationengine\debug\link.10952.read.1.tlog
c:\users\dpackard\dropbox\k-alpha\radiation\radiation\radiationengine\radiationengine\debug\link.10952.write.1.tlog
c:\users\dpackard\dropbox\k-alpha\radiation\radiation\radiationengine\radiationengine\debug\link.11124-cvtres.read.1.tlog
c:\users\dpackard\dropbox\k-alpha\radiation\radiation\radiationengine\radiationengine\debug\link.11124-cvtres.write.1.tlog
c:\users\dpackard\dropbox\k-alpha\radiation\radiation\radiationengine\radiationengine\debug\link.11124-rc.read.1.tlog
c:\users\dpackard\dropbox\k-alpha\radiation\radiation\radiationengine\radiationengine\debug\link.11124-rc.write.1.tlog
c:\users\dpackard\dropbox\k-alpha\radiation\radiation\radiationengine\radiationengine\debug\link.11124.read.1.tlog
c:\users\dpackard\dropbox\k-alpha\radiation\radiation\radiationengine\radiationengine\debug\link.11124.write.1.tlog
c:\users\dpackard\dropbox\k-alpha\radiation\radiation\radiationengine\radiationengine\debug\link.11244-cvtres.read.1.tlog
c:\users\dpackard\dropbox\k-alpha\radiation\radiation\radiationengine\radiationengine\debug\link.11244-cvtres.write.1.tlog
c:\users\dpackard\dropbox\k-alpha\radiation\radiation\radiationengine\radiationengine\debug\link.11244-rc.read.1.tlog
c:\users\dpackard\dropbox\k-alpha\radiation\radiation\radiationengine\radiationengine\debug\link.11244-rc.write.1.tlog
c:\users\dpackard\dropbox\k-alpha\radiation\radiation\radiationengine\radiationengine\debug\link.11244.read.1.tlog
c:\users\dpackard\dropbox\k-alpha\radiation\radiation\radiationengine\radiationengine\debug\link.11244.write.1.tlog
c:\users\dpackard\dropbox\k-alpha\radiation\radiation\radiationengine\radiationengine\debug\link.1368-cvtres.read.1.tlog
c:\users\dpackard\dropbox\k-alpha\radiation\radiation\radiationengine\radiationengine\debug\link.1368-cvtres.write.1.tlog
c:\users\dpackard\dropbox\k-alpha\radiation\radiation\radiationengine\radiationengine\debug\link.1368-rc.read.1.tlog
c:\users\dpackard\dropbox\k-alpha\radiation\radiation\radiationengine\radiationengine\debug\link.1368-rc.write.1.tlog
c:\users\dpackard\dropbox\k-alpha\radiation\radiation\radiationengine\radiationengine\debug\link.1368.read.1.tlog
c:\users\dpackard\dropbox\k-alpha\radiation\radiation\radiationengine\radiationengine\debug\link.1368.write.1.tlog
c:\users\dpackard\dropbox\k-alpha\radiation\radiation\radiationengine\radiationengine\debug\link.1680-cvtres.read.1.tlog
c:\users\dpackard\dropbox\k-alpha\radiation\radiation\radiationengine\radiationengine\debug\link.1680-cvtres.write.1.tlog
c:\users\dpackard\dropbox\k-alpha\radiation\radiation\radiationengine\radiationengine\debug\link.1680-rc.read.1.tlog
c:\users\dpackard\dropbox\k-alpha\radiation\radiation\radiationengine\radiationengine\debug\link.1680-rc.write.1.tlog
c:\users\dpackard\dropbox\k-alpha\radiation\radiation\radiationengine\radiationengine\debug\link.1680.read.1.tlog
c:\users\dpackard\dropbox\k-alpha\radiation\radiation\radiationengine\radiationengine\debug\link.1680.write.1.tlog
c:\users\dpackard\dropbox\k-alpha\radiation\radiation\radiationengine\radiationengine\debug\link.1844-cvtres.read.1.tlog
c:\users\dpackard\dropbox\k-alpha\radiation\radiation\radiationengine\radiationengine\debug\link.1844-cvtres.write.1.tlog
c:\users\dpackard\dropbox\k-alpha\radiation\radiation\radiationengine\radiationengine\debug\link.1844-rc.read.1.tlog
c:\users\dpackard\dropbox\k-alpha\radiation\radiation\radiationengine\radiationengine\debug\link.1844-rc.write.1.tlog
c:\users\dpackard\dropbox\k-alpha\radiation\radiation\radiationengine\radiationengine\debug\link.1844.read.1.tlog
c:\users\dpackard\dropbox\k-alpha\radiation\radiation\radiationengine\radiationengine\debug\link.1844.write.1.tlog
c:\users\dpackard\dropbox\k-alpha\radiation\radiation\radiationengine\radiationengine\debug\link.1932-cvtres.read.1.tlog
c:\users\dpackard\dropbox\k-alpha\radiation\radiation\radiationengine\radiationengine\debug\link.1932-cvtres.write.1.tlog
c:\users\dpackard\dropbox\k-alpha\radiation\radiation\radiationengine\radiationengine\debug\link.1932-rc.read.1.tlog
c:\users\dpackard\dropbox\k-alpha\radiation\radiation\radiationengine\radiationengine\debug\link.1932-rc.write.1.tlog
c:\users\dpackard\dropbox\k-alpha\radiation\radiation\radiationengine\radiationengine\debug\link.1932.read.1.tlog
c:\users\dpackard\dropbox\k-alpha\radiation\radiation\radiationengine\radiationengine\debug\link.1932.write.1.tlog
c:\users\dpackard\dropbox\k-alpha\radiation\radiation\radiationengine\radiationengine\debug\link.2220-cvtres.read.1.tlog
c:\users\dpackard\dropbox\k-alpha\radiation\radiation\radiationengine\radiationengine\debug\link.2220-cvtres.write.1.tlog
c:\users\dpackard\dropbox\k-alpha\radiation\radiation\radiationengine\radiationengine\debug\link.2220-rc.read.1.tlog
c:\users\dpackard\dropbox\k-alpha\radiation\radiation\radiationengine\radiationengine\debug\link.2220-rc.write.1.tlog
c:\users\dpackard\dropbox\k-alpha\radiation\radiation\radiationengine\radiationengine\debug\link.2220.read.1.tlog
c:\users\dpackard\dropbox\k-alpha\radiation\radiation\radiationengine\radiationengine\debug\link.2220.write.1.tlog
c:\users\dpackard\dropbox\k-alpha\radiation\radiation\radiationengine\radiationengine\debug\link.2272-cvtres.read.1.tlog
c:\users\dpackard\dropbox\k-alpha\radiation\radiation\radiationengine\radiationengine\debug\link.2272-cvtres.write.1.tlog
c:\users\dpackard\dropbox\k-alpha\radiation\radiation\radiationengine\radiationengine\debug\link.2272-rc.read.1.tlog
c:\users\dpackard\dropbox\k-alpha\radiation\radiation\radiationengine\radiationengine\debug\link.2272-rc.write.1.tlog
c:\users\dpackard\dropbox\k-alpha\radiation\radiation\radiationengine\radiationengine\debug\link.2272.read.1.tlog
c:\users\dpackard\dropbox\k-alpha\radiation\radiation\radiationengine\radiationengine\debug\link.2272.write.1.tlog
c:\users\dpackard\dropbox\k-alpha\radiation\radiation\radiationengine\radiationengine\debug\link.2520-cvtres.read.1.tlog
c:\users\dpackard\dropbox\k-alpha\radiation\radiation\radiationengine\radiationengine\debug\link.2520-cvtres.write.1.tlog
c:\users\dpackard\dropbox\k-alpha\radiation\radiation\radiationengine\radiationengine\debug\link.2520-rc.read.1.tlog
c:\users\dpackard\dropbox\k-alpha\radiation\radiation\radiationengine\radiationengine\debug\link.2520-rc.write.1.tlog
c:\users\dpackard\dropbox\k-alpha\radiation\radiation\radiationengine\radiationengine\debug\link.2520.read.1.tlog
c:\users\dpackard\dropbox\k-alpha\radiation\radiation\radiationengine\radiationengine\debug\link.2520.write.1.tlog
c:\users\dpackard\dropbox\k-alpha\radiation\radiation\radiationengine\radiationengine\debug\link.2524-cvtres.read.1.tlog
c:\users\dpackard\dropbox\k-alpha\radiation\radiation\radiationengine\radiationengine\debug\link.2524-cvtres.write.1.tlog
c:\users\dpackard\dropbox\k-alpha\radiation\radiation\radiationengine\radiationengine\debug\link.2524-rc.read.1.tlog
c:\users\dpackard\dropbox\k-alpha\radiation\radiation\radiationengine\radiationengine\debug\link.2524-rc.write.1.tlog
c:\users\dpackard\dropbox\k-alpha\radiation\radiation\radiationengine\radiationengine\debug\link.2524.read.1.tlog
c:\users\dpackard\dropbox\k-alpha\radiation\radiation\radiationengine\radiationengine\debug\link.2524.write.1.tlog
c:\users\dpackard\dropbox\k-alpha\radiation\radiation\radiationengine\radiationengine\debug\link.296-cvtres.read.1.tlog
c:\users\dpackard\dropbox\k-alpha\radiation\radiation\radiationengine\radiationengine\debug\link.296-cvtres.write.1.tlog
c:\users\dpackard\dropbox\k-alpha\radiation\radiation\radiationengine\radiationengine\debug\link.296-rc.read.1.tlog
c:\users\dpackard\dropbox\k-alpha\radiation\radiation\radiationengine\radiationengine\debug\link.296-rc.write.1.tlog
c:\users\dpackard\dropbox\k-alpha\radiation\radiation\radiationengine\radiationengine\debug\link.296.read.1.tlog
c:\users\dpackard\dropbox\k-alpha\radiation\radiation\radiationengine\radiationengine\debug\link.296.write.1.tlog
c:\users\dpackard\dropbox\k-alpha\radiation\radiation\radiationengine\radiationengine\debug\link.316-cvtres.read.1.tlog
c:\users\dpackard\dropbox\k-alpha\radiation\radiation\radiationengine\radiationengine\debug\link.316-cvtres.write.1.tlog
c:\users\dpackard\dropbox\k-alpha\radiation\radiation\radiationengine\radiationengine\debug\link.316-rc.read.1.tlog
c:\users\dpackard\dropbox\k-alpha\radiation\radiation\radiationengine\radiationengine\debug\link.316-rc.write.1.tlog
c:\users\dpackard\dropbox\k-alpha\radiation\radiation\radiationengine\radiationengine\debug\link.316.read.1.tlog
c:\users\dpackard\dropbox\k-alpha\radiation\radiation\radiationengine\radiationengine\debug\link.316.write.1.tlog
c:\users\dpackard\dropbox\k-alpha\radiation\radiation\radiationengine\radiationengine\debug\link.3220-cvtres.read.1.tlog
c:\users\dpackard\dropbox\k-alpha\radiation\radiation\radiationengine\radiationengine\debug\link.3220-cvtres.write.1.tlog
c:\users\dpackard\dropbox\k-alpha\radiation\radiation\radiationengine\radiationengine\debug\link.3220-rc.read.1.tlog
c:\users\dpackard\dropbox\k-alpha\radiation\radiation\radiationengine\radiationengine\debug\link.3220-rc.write.1.tlog
c:\users\dpackard\dropbox\k-alpha\radiation\radiation\radiationengine\radiationengine\debug\link.3220.read.1.tlog
c:\users\dpackard\dropbox\k-alpha\radiation\radiation\radiationengine\radiationengine\debug\link.3220.write.1.tlog
c:\users\dpackard\dropbox\k-alpha\radiation\radiation\radiationengine\radiationengine\debug\link.3312-cvtres.read.1.tlog
c:\users\dpackard\dropbox\k-alpha\radiation\radiation\radiationengine\radiationengine\debug\link.3312-cvtres.write.1.tlog
c:\users\dpackard\dropbox\k-alpha\radiation\radiation\radiationengine\radiationengine\debug\link.3312-rc.read.1.tlog
c:\users\dpackard\dropbox\k-alpha\radiation\radiation\radiationengine\radiationengine\debug\link.3312-rc.write.1.tlog
c:\users\dpackard\dropbox\k-alpha\radiation\radiation\radiationengine\radiationengine\debug\link.3312.read.1.tlog
c:\users\dpackard\dropbox\k-alpha\radiation\radiation\radiationengine\radiationengine\debug\link.3312.write.1.tlog
c:\users\dpackard\dropbox\k-alpha\radiation\radiation\radiationengine\radiationengine\debug\link.3412-cvtres.read.1.tlog
c:\users\dpackard\dropbox\k-alpha\radiation\radiation\radiationengine\radiationengine\debug\link.3412-cvtres.write.1.tlog
c:\users\dpackard\dropbox\k-alpha\radiation\radiation\radiationengine\radiationengine\debug\link.3412-rc.read.1.tlog
c:\users\dpackard\dropbox\k-alpha\radiation\radiation\radiationengine\radiationengine\debug\link.3412-rc.write.1.tlog
c:\users\dpackard\dropbox\k-alpha\radiation\radiation\radiationengine\radiationengine\debug\link.3412.read.1.tlog
c:\users\dpackard\dropbox\k-alpha\radiation\radiation\radiationengine\radiationengine\debug\link.3412.write.1.tlog
c:\users\dpackard\dropbox\k-alpha\radiation\radiation\radiationengine\radiationengine\debug\link.3460-cvtres.read.1.tlog
c:\users\dpackard\dropbox\k-alpha\radiation\radiation\radiationengine\radiationengine\debug\link.3460-cvtres.write.1.tlog
c:\users\dpackard\dropbox\k-alpha\radiation\radiation\radiationengine\radiationengine\debug\link.3460-rc.read.1.tlog
c:\users\dpackard\dropbox\k-alpha\radiation\radiation\radiationengine\radiationengine\debug\link.3460-rc.write.1.tlog
c:\users\dpackard\dropbox\k-alpha\radiation\radiation\radiationengine\radiationengine\debug\link.3460.read.1.tlog
c:\users\dpackard\dropbox\k-alpha\radiation\radiation\radiationengine\radiationengine\debug\link.3460.write.1.tlog
c:\users\dpackard\dropbox\k-alpha\radiation\radiation\radiationengine\radiationengine\debug\link.3608-cvtres.read.1.tlog
c:\users\dpackard\dropbox\k-alpha\radiation\radiation\radiationengine\radiationengine\debug\link.3608-cvtres.write.1.tlog
c:\users\dpackard\dropbox\k-alpha\radiation\radiation\radiationengine\radiationengine\debug\link.3608-rc.read.1.tlog
c:\users\dpackard\dropbox\k-alpha\radiation\radiation\radiationengine\radiationengine\debug\link.3608-rc.write.1.tlog
c:\users\dpackard\dropbox\k-alpha\radiation\radiation\radiationengine\radiationengine\debug\link.3608.read.1.tlog
c:\users\dpackard\dropbox\k-alpha\radiation\radiation\radiationengine\radiationengine\debug\link.3608.write.1.tlog
c:\users\dpackard\dropbox\k-alpha\radiation\radiation\radiationengine\radiationengine\debug\link.364-cvtres.read.1.tlog
c:\users\dpackard\dropbox\k-alpha\radiation\radiation\radiationengine\radiationengine\debug\link.364-cvtres.write.1.tlog
c:\users\dpackard\dropbox\k-alpha\radiation\radiation\radiationengine\radiationengine\debug\link.364-rc.read.1.tlog
c:\users\dpackard\dropbox\k-alpha\radiation\radiation\radiationengine\radiationengine\debug\link.364-rc.write.1.tlog
c:\users\dpackard\dropbox\k-alpha\radiation\radiation\radiationengine\radiationengine\debug\link.364.read.1.tlog
c:\users\dpackard\dropbox\k-alpha\radiation\radiation\radiationengine\radiationengine\debug\link.364.write.1.tlog
c:\users\dpackard\dropbox\k-alpha\radiation\radiation\radiationengine\radiationengine\debug\link.3836-cvtres.read.1.tlog
c:\users\dpackard\dropbox\k-alpha\radiation\radiation\radiationengine\radiationengine\debug\link.3836-cvtres.write.1.tlog
c:\users\dpackard\dropbox\k-alpha\radiation\radiation\radiationengine\radiationengine\debug\link.3836-rc.read.1.tlog
c:\users\dpackard\dropbox\k-alpha\radiation\radiation\radiationengine\radiationengine\debug\link.3836-rc.write.1.tlog
c:\users\dpackard\dropbox\k-alpha\radiation\radiation\radiationengine\radiationengine\debug\link.3836.read.1.tlog
c:\users\dpackard\dropbox\k-alpha\radiation\radiation\radiationengine\radiationengine\debug\link.3836.write.1.tlog
c:\users\dpackard\dropbox\k-alpha\radiation\radiation\radiationengine\radiationengine\debug\link.3872-cvtres.read.1.tlog
c:\users\dpackard\dropbox\k-alpha\radiation\radiation\radiationengine\radiationengine\debug\link.3872-cvtres.write.1.tlog
c:\users\dpackard\dropbox\k-alpha\radiation\radiation\radiationengine\radiationengine\debug\link.3872-rc.read.1.tlog
c:\users\dpackard\dropbox\k-alpha\radiation\radiation\radiationengine\radiationengine\debug\link.3872-rc.write.1.tlog
c:\users\dpackard\dropbox\k-alpha\radiation\radiation\radiationengine\radiationengine\debug\link.3872.read.1.tlog
c:\users\dpackard\dropbox\k-alpha\radiation\radiation\radiationengine\radiationengine\debug\link.3872.write.1.tlog
c:\users\dpackard\dropbox\k-alpha\radiation\radiation\radiationengine\radiationengine\debug\link.3964-cvtres.read.1.tlog
c:\users\dpackard\dropbox\k-alpha\radiation\radiation\radiationengine\radiationengine\debug\link.3964-cvtres.write.1.tlog
c:\users\dpackard\dropbox\k-alpha\radiation\radiation\radiationengine\radiationengine\debug\link.3964-rc.read.1.tlog
c:\users\dpackard\dropbox\k-alpha\radiation\radiation\radiationengine\radiationengine\debug\link.3964-rc.write.1.tlog
c:\users\dpackard\dropbox\k-alpha\radiation\radiation\radiationengine\radiationengine\debug\link.3964.read.1.tlog
c:\users\dpackard\dropbox\k-alpha\radiation\radiation\radiationengine\radiationengine\debug\link.3964.write.1.tlog
c:\users\dpackard\dropbox\k-alpha\radiation\radiation\radiationengine\radiationengine\debug\link.3996-cvtres.read.1.tlog
c:\users\dpackard\dropbox\k-alpha\radiation\radiation\radiationengine\radiationengine\debug\link.3996-cvtres.write.1.tlog
c:\users\dpackard\dropbox\k-alpha\radiation\radiation\radiationengine\radiationengine\debug\link.3996-rc.read.1.tlog
c:\users\dpackard\dropbox\k-alpha\radiation\radiation\radiationengine\radiationengine\debug\link.3996-rc.write.1.tlog
c:\users\dpackard\dropbox\k-alpha\radiation\radiation\radiationengine\radiationengine\debug\link.3996.read.1.tlog
c:\users\dpackard\dropbox\k-alpha\radiation\radiation\radiationengine\radiationengine\debug\link.3996.write.1.tlog
c:\users\dpackard\dropbox\k-alpha\radiation\radiation\radiationengine\radiationengine\debug\link.4040-cvtres.read.1.tlog
c:\users\dpackard\dropbox\k-alpha\radiation\radiation\radiationengine\radiationengine\debug\link.4040-cvtres.write.1.tlog
c:\users\dpackard\dropbox\k-alpha\radiation\radiation\radiationengine\radiationengine\debug\link.4040-rc.read.1.tlog
c:\users\dpackard\dropbox\k-alpha\radiation\radiation\radiationengine\radiationengine\debug\link.4040-rc.write.1.tlog
c:\users\dpackard\dropbox\k-alpha\radiation\radiation\radiationengine\radiationengine\debug\link.4040.read.1.tlog
c:\users\dpackard\dropbox\k-alpha\radiation\radiation\radiationengine\radiationengine\debug\link.4040.write.1.tlog
c:\users\dpackard\dropbox\k-alpha\radiation\radiation\radiationengine\radiationengine\debug\link.4168-cvtres.read.1.tlog
c:\users\dpackard\dropbox\k-alpha\radiation\radiation\radiationengine\radiationengine\debug\link.4168-cvtres.write.1.tlog
c:\users\dpackard\dropbox\k-alpha\radiation\radiation\radiationengine\radiationengine\debug\link.4168-rc.read.1.tlog
c:\users\dpackard\dropbox\k-alpha\radiation\radiation\radiationengine\radiationengine\debug\link.4168-rc.write.1.tlog
c:\users\dpackard\dropbox\k-alpha\radiation\radiation\radiationengine\radiationengine\debug\link.4168.read.1.tlog
c:\users\dpackard\dropbox\k-alpha\radiation\radiation\radiationengine\radiationengine\debug\link.4168.write.1.tlog
c:\users\dpackard\dropbox\k-alpha\radiation\radiation\radiationengine\radiationengine\debug\link.4176-cvtres.read.1.tlog
c:\users\dpackard\dropbox\k-alpha\radiation\radiation\radiationengine\radiationengine\debug\link.4176-cvtres.write.1.tlog
c:\users\dpackard\dropbox\k-alpha\radiation\radiation\radiationengine\radiationengine\debug\link.4176-rc.read.1.tlog
c:\users\dpackard\dropbox\k-alpha\radiation\radiation\radiationengine\radiationengine\debug\link.4176-rc.write.1.tlog
c:\users\dpackard\dropbox\k-alpha\radiation\radiation\radiationengine\radiationengine\debug\link.4176.read.1.tlog
c:\users\dpackard\dropbox\k-alpha\radiation\radiation\radiationengine\radiationengine\debug\link.4176.write.1.tlog
c:\users\dpackard\dropbox\k-alpha\radiation\radiation\radiationengine\radiationengine\debug\link.4184-cvtres.read.1.tlog
c:\users\dpackard\dropbox\k-alpha\radiation\radiation\radiationengine\radiationengine\debug\link.4184-cvtres.write.1.tlog
c:\users\dpackard\dropbox\k-alpha\radiation\radiation\radiationengine\radiationengine\debug\link.4184-rc.read.1.tlog
c:\users\dpackard\dropbox\k-alpha\radiation\radiation\radiationengine\radiationengine\debug\link.4184-rc.write.1.tlog
c:\users\dpackard\dropbox\k-alpha\radiation\radiation\radiationengine\radiationengine\debug\link.4184.read.1.tlog
c:\users\dpackard\dropbox\k-alpha\radiation\radiation\radiationengine\radiationengine\debug\link.4184.write.1.tlog
c:\users\dpackard\dropbox\k-alpha\radiation\radiation\radiationengine\radiationengine\debug\link.4380-cvtres.read.1.tlog
c:\users\dpackard\dropbox\k-alpha\radiation\radiation\radiationengine\radiationengine\debug\link.4380-cvtres.write.1.tlog
c:\users\dpackard\dropbox\k-alpha\radiation\radiation\radiationengine\radiationengine\debug\link.4380-rc.read.1.tlog
c:\users\dpackard\dropbox\k-alpha\radiation\radiation\radiationengine\radiationengine\debug\link.4380-rc.write.1.tlog
c:\users\dpackard\dropbox\k-alpha\radiation\radiation\radiationengine\radiationengine\debug\link.4380.read.1.tlog
c:\users\dpackard\dropbox\k-alpha\radiation\radiation\radiationengine\radiationengine\debug\link.4380.write.1.tlog
c:\users\dpackard\dropbox\k-alpha\radiation\radiation\radiationengine\radiationengine\debug\link.4408-cvtres.read.1.tlog
c:\users\dpackard\dropbox\k-alpha\radiation\radiation\radiationengine\radiationengine\debug\link.4408-cvtres.write.1.tlog
c:\users\dpackard\dropbox\k-alpha\radiation\radiation\radiationengine\radiationengine\debug\link.4408-rc.read.1.tlog
c:\users\dpackard\dropbox\k-alpha\radiation\radiation\radiationengine\radiationengine\debug\link.4408-rc.write.1.tlog
c:\users\dpackard\dropbox\k-alpha\radiation\radiation\radiationengine\radiationengine\debug\link.4408.read.1.tlog
c:\users\dpackard\dropbox\k-alpha\radiation\radiation\radiationengine\radiationengine\debug\link.4408.write.1.tlog
c:\users\dpackard\dropbox\k-alpha\radiation\radiation\radiationengine\radiationengine\debug\link.4428-cvtres.read.1.tlog
c:\users\dpackard\dropbox\k-alpha\radiation\radiation\radiationengine\radiationengine\debug\link.4428-cvtres.write.1.tlog
c:\users\dpackard\dropbox\k-alpha\radiation\radiation\radiationengine\radiationengine\debug\link.4428-rc.read.1.tlog
c:\users\dpackard\dropbox\k-alpha\radiation\radiation\radiationengine\radiationengine\debug\link.4428-rc.write.1.tlog
c:\users\dpackard\dropbox\k-alpha\radiation\radiation\radiationengine\radiationengine\debug\link.4428.read.1.tlog
c:\users\dpackard\dropbox\k-alpha\radiation\radiation\radiationengine\radiationengine\debug\link.4428.write.1.tlog
c:\users\dpackard\dropbox\k-alpha\radiation\radiation\radiationengine\radiationengine\debug\link.4644-cvtres.read.1.tlog
c:\users\dpackard\dropbox\k-alpha\radiation\radiation\radiationengine\radiationengine\debug\link.4644-cvtres.write.1.tlog
c:\users\dpackard\dropbox\k-alpha\radiation\radiation\radiationengine\radiationengine\debug\link.4644-rc.read.1.tlog
c:\users\dpackard\dropbox\k-alpha\radiation\radiation\radiationengine\radiationengine\debug\link.4644-rc.write.1.tlog
c:\users\dpackard\dropbox\k-alpha\radiation\radiation\radiationengine\radiationengine\debug\link.4644.read.1.tlog
c:\users\dpackard\dropbox\k-alpha\radiation\radiation\radiationengine\radiationengine\debug\link.4644.write.1.tlog
c:\users\dpackard\dropbox\k-alpha\radiation\radiation\radiationengine\radiationengine\debug\link.4776-cvtres.read.1.tlog
c:\users\dpackard\dropbox\k-alpha\radiation\radiation\radiationengine\radiationengine\debug\link.4776-cvtres.write.1.tlog
c:\users\dpackard\dropbox\k-alpha\radiation\radiation\radiationengine\radiationengine\debug\link.4776-rc.read.1.tlog
c:\users\dpackard\dropbox\k-alpha\radiation\radiation\radiationengine\radiationengine\debug\link.4776-rc.write.1.tlog
c:\users\dpackard\dropbox\k-alpha\radiation\radiation\radiationengine\radiationengine\debug\link.4776.read.1.tlog
c:\users\dpackard\dropbox\k-alpha\radiation\radiation\radiationengine\radiationengine\debug\link.4776.write.1.tlog
c:\users\dpackard\dropbox\k-alpha\radiation\radiation\radiationengine\radiationengine\debug\link.4820-cvtres.read.1.tlog
c:\users\dpackard\dropbox\k-alpha\radiation\radiation\radiationengine\radiationengine\debug\link.4820-cvtres.write.1.tlog
c:\users\dpackard\dropbox\k-alpha\radiation\radiation\radiationengine\radiationengine\debug\link.4820-rc.read.1.tlog
c:\users\dpackard\dropbox\k-alpha\radiation\radiation\radiationengine\radiationengine\debug\link.4820-rc.write.1.tlog
c:\users\dpackard\dropbox\k-alpha\radiation\radiation\radiationengine\radiationengine\debug\link.4820.read.1.tlog
c:\users\dpackard\dropbox\k-alpha\radiation\radiation\radiationengine\radiationengine\debug\link.4820.write.1.tlog
c:\users\dpackard\dropbox\k-alpha\radiation\radiation\radiationengine\radiationengine\debug\link.4832-cvtres.read.1.tlog
c:\users\dpackard\dropbox\k-alpha\radiation\radiation\radiationengine\radiationengine\debug\link.4832-cvtres.write.1.tlog
c:\users\dpackard\dropbox\k-alpha\radiation\radiation\radiationengine\radiationengine\debug\link.4832-rc.read.1.tlog
c:\users\dpackard\dropbox\k-alpha\radiation\radiation\radiationengine\radiationengine\debug\link.4832-rc.write.1.tlog
c:\users\dpackard\dropbox\k-alpha\radiation\radiation\radiationengine\radiationengine\debug\link.4832.read.1.tlog
c:\users\dpackard\dropbox\k-alpha\radiation\radiation\radiationengine\radiationengine\debug\link.4832.write.1.tlog
c:\users\dpackard\dropbox\k-alpha\radiation\radiation\radiationengine\radiationengine\debug\link.4972-cvtres.read.1.tlog
c:\users\dpackard\dropbox\k-alpha\radiation\radiation\radiationengine\radiationengine\debug\link.4972-cvtres.write.1.tlog
c:\users\dpackard\dropbox\k-alpha\radiation\radiation\radiationengine\radiationengine\debug\link.4972-rc.read.1.tlog
c:\users\dpackard\dropbox\k-alpha\radiation\radiation\radiationengine\radiationengine\debug\link.4972-rc.write.1.tlog
c:\users\dpackard\dropbox\k-alpha\radiation\radiation\radiationengine\radiationengine\debug\link.4972.read.1.tlog
c:\users\dpackard\dropbox\k-alpha\radiation\radiation\radiationengine\radiationengine\debug\link.4972.write.1.tlog
c:\users\dpackard\dropbox\k-alpha\radiation\radiation\radiationengine\radiationengine\debug\link.5012-cvtres.read.1.tlog
c:\users\dpackard\dropbox\k-alpha\radiation\radiation\radiationengine\radiationengine\debug\link.5012-cvtres.write.1.tlog
c:\users\dpackard\dropbox\k-alpha\radiation\radiation\radiationengine\radiationengine\debug\link.5012-rc.read.1.tlog
c:\users\dpackard\dropbox\k-alpha\radiation\radiation\radiationengine\radiationengine\debug\link.5012-rc.write.1.tlog
c:\users\dpackard\dropbox\k-alpha\radiation\radiation\radiationengine\radiationengine\debug\link.5012.read.1.tlog
c:\users\dpackard\dropbox\k-alpha\radiation\radiation\radiationengine\radiationengine\debug\link.5012.write.1.tlog
c:\users\dpackard\dropbox\k-alpha\radiation\radiation\radiationengine\radiationengine\debug\link.5704-cvtres.read.1.tlog
c:\users\dpackard\dropbox\k-alpha\radiation\radiation\radiationengine\radiationengine\debug\link.5704-cvtres.write.1.tlog
c:\users\dpackard\dropbox\k-alpha\radiation\radiation\radiationengine\radiationengine\debug\link.5704-rc.read.1.tlog
c:\users\dpackard\dropbox\k-alpha\radiation\radiation\radiationengine\radiationengine\debug\link.5704-rc.write.1.tlog
c:\users\dpackard\dropbox\k-alpha\radiation\radiation\radiationengine\radiationengine\debug\link.5704.read.1.tlog
c:\users\dpackard\dropbox\k-alpha\radiation\radiation\radiationengine\radiationengine\debug\link.5704.write.1.tlog
c:\users\dpackard\dropbox\k-alpha\radiation\radiation\radiationengine\radiationengine\debug\link.5732-cvtres.read.1.tlog
c:\users\dpackard\dropbox\k-alpha\radiation\radiation\radiationengine\radiationengine\debug\link.5732-cvtres.write.1.tlog
c:\users\dpackard\dropbox\k-alpha\radiation\radiation\radiationengine\radiationengine\debug\link.5732-rc.read.1.tlog
c:\users\dpackard\dropbox\k-alpha\radiation\radiation\radiationengine\radiationengine\debug\link.5732-rc.write.1.tlog
c:\users\dpackard\dropbox\k-alpha\radiation\radiation\radiationengine\radiationengine\debug\link.5732.read.1.tlog
c:\users\dpackard\dropbox\k-alpha\radiation\radiation\radiationengine\radiationengine\debug\link.5732.write.1.tlog
c:\users\dpackard\dropbox\k-alpha\radiation\radiation\radiationengine\radiationengine\debug\link.5956-cvtres.read.1.tlog
c:\users\dpackard\dropbox\k-alpha\radiation\radiation\radiationengine\radiationengine\debug\link.5956-cvtres.write.1.tlog
c:\users\dpackard\dropbox\k-alpha\radiation\radiation\radiationengine\radiationengine\debug\link.5956-rc.read.1.tlog
c:\users\dpackard\dropbox\k-alpha\radiation\radiation\radiationengine\radiationengine\debug\link.5956-rc.write.1.tlog
c:\users\dpackard\dropbox\k-alpha\radiation\radiation\radiationengine\radiationengine\debug\link.5956.read.1.tlog
c:\users\dpackard\dropbox\k-alpha\radiation\radiation\radiationengine\radiationengine\debug\link.5956.write.1.tlog
c:\users\dpackard\dropbox\k-alpha\radiation\radiation\radiationengine\radiationengine\debug\link.6184-cvtres.read.1.tlog
c:\users\dpackard\dropbox\k-alpha\radiation\radiation\radiationengine\radiationengine\debug\link.6184-cvtres.write.1.tlog
c:\users\dpackard\dropbox\k-alpha\radiation\radiation\radiationengine\radiationengine\debug\link.6184-rc.read.1.tlog
c:\users\dpackard\dropbox\k-alpha\radiation\radiation\radiationengine\radiationengine\debug\link.6184-rc.write.1.tlog
c:\users\dpackard\dropbox\k-alpha\radiation\radiation\radiationengine\radiationengine\debug\link.6184.read.1.tlog
c:\users\dpackard\dropbox\k-alpha\radiation\radiation\radiationengine\radiationengine\debug\link.6184.write.1.tlog
c:\users\dpackard\dropbox\k-alpha\radiation\radiation\radiationengine\radiationengine\debug\link.6272-cvtres.read.1.tlog
c:\users\dpackard\dropbox\k-alpha\radiation\radiation\radiationengine\radiationengine\debug\link.6272-cvtres.write.1.tlog
c:\users\dpackard\dropbox\k-alpha\radiation\radiation\radiationengine\radiationengine\debug\link.6272-rc.read.1.tlog
c:\users\dpackard\dropbox\k-alpha\radiation\radiation\radiationengine\radiationengine\debug\link.6272-rc.write.1.tlog
c:\users\dpackard\dropbox\k-alpha\radiation\radiation\radiationengine\radiationengine\debug\link.6272.read.1.tlog
c:\users\dpackard\dropbox\k-alpha\radiation\radiation\radiationengine\radiationengine\debug\link.6272.write.1.tlog
c:\users\dpackard\dropbox\k-alpha\radiation\radiation\radiationengine\radiationengine\debug\link.6548-cvtres.read.1.tlog
c:\users\dpackard\dropbox\k-alpha\radiation\radiation\radiationengine\radiationengine\debug\link.6548-cvtres.write.1.tlog
c:\users\dpackard\dropbox\k-alpha\radiation\radiation\radiationengine\radiationengine\debug\link.6548-rc.read.1.tlog
c:\users\dpackard\dropbox\k-alpha\radiation\radiation\radiationengine\radiationengine\debug\link.6548-rc.write.1.tlog
c:\users\dpackard\dropbox\k-alpha\radiation\radiation\radiationengine\radiationengine\debug\link.6548.read.1.tlog
c:\users\dpackard\dropbox\k-alpha\radiation\radiation\radiationengine\radiationengine\debug\link.6548.write.1.tlog
c:\users\dpackard\dropbox\k-alpha\radiation\radiation\radiationengine\radiationengine\debug\link.6560-cvtres.read.1.tlog
c:\users\dpackard\dropbox\k-alpha\radiation\radiation\radiationengine\radiationengine\debug\link.6560-cvtres.write.1.tlog
c:\users\dpackard\dropbox\k-alpha\radiation\radiation\radiationengine\radiationengine\debug\link.6560-rc.read.1.tlog
c:\users\dpackard\dropbox\k-alpha\radiation\radiation\radiationengine\radiationengine\debug\link.6560-rc.write.1.tlog
c:\users\dpackard\dropbox\k-alpha\radiation\radiation\radiationengine\radiationengine\debug\link.6560.read.1.tlog
c:\users\dpackard\dropbox\k-alpha\radiation\radiation\radiationengine\radiationengine\debug\link.6560.write.1.tlog
c:\users\dpackard\dropbox\k-alpha\radiation\radiation\radiationengine\radiationengine\debug\link.6704-cvtres.read.1.tlog
c:\users\dpackard\dropbox\k-alpha\radiation\radiation\radiationengine\radiationengine\debug\link.6704-cvtres.write.1.tlog
c:\users\dpackard\dropbox\k-alpha\radiation\radiation\radiationengine\radiationengine\debug\link.6704-rc.read.1.tlog
c:\users\dpackard\dropbox\k-alpha\radiation\radiation\radiationengine\radiationengine\debug\link.6704-rc.write.1.tlog
c:\users\dpackard\dropbox\k-alpha\radiation\radiation\radiationengine\radiationengine\debug\link.6704.read.1.tlog
c:\users\dpackard\dropbox\k-alpha\radiation\radiation\radiationengine\radiationengine\debug\link.6704.write.1.tlog
c:\users\dpackard\dropbox\k-alpha\radiation\radiation\radiationengine\radiationengine\debug\link.6736-cvtres.read.1.tlog
c:\users\dpackard\dropbox\k-alpha\radiation\radiation\radiationengine\radiationengine\debug\link.6736-cvtres.write.1.tlog
c:\users\dpackard\dropbox\k-alpha\radiation\radiation\radiationengine\radiationengine\debug\link.6736-rc.read.1.tlog
c:\users\dpackard\dropbox\k-alpha\radiation\radiation\radiationengine\radiationengine\debug\link.6736-rc.write.1.tlog
c:\users\dpackard\dropbox\k-alpha\radiation\radiation\radiationengine\radiationengine\debug\link.6736.read.1.tlog
c:\users\dpackard\dropbox\k-alpha\radiation\radiation\radiationengine\radiationengine\debug\link.6736.write.1.tlog
c:\users\dpackard\dropbox\k-alpha\radiation\radiation\radiationengine\radiationengine\debug\link.6888-cvtres.read.1.tlog
c:\users\dpackard\dropbox\k-alpha\radiation\radiation\radiationengine\radiationengine\debug\link.6888-cvtres.write.1.tlog
c:\users\dpackard\dropbox\k-alpha\radiation\radiation\radiationengine\radiationengine\debug\link.6888-rc.read.1.tlog
c:\users\dpackard\dropbox\k-alpha\radiation\radiation\radiationengine\radiationengine\debug\link.6888-rc.write.1.tlog
c:\users\dpackard\dropbox\k-alpha\radiation\radiation\radiationengine\radiationengine\debug\link.6888.read.1.tlog
c:\users\dpackard\dropbox\k-alpha\radiation\radiation\radiationengine\radiationengine\debug\link.6888.write.1.tlog
c:\users\dpackard\dropbox\k-alpha\radiation\radiation\radiationengine\radiationengine\debug\link.6944-cvtres.read.1.tlog
c:\users\dpackard\dropbox\k-alpha\radiation\radiation\radiationengine\radiationengine\debug\link.6944-cvtres.write.1.tlog
c:\users\dpackard\dropbox\k-alpha\radiation\radiation\radiationengine\radiationengine\debug\link.6944-rc.read.1.tlog
c:\users\dpackard\dropbox\k-alpha\radiation\radiation\radiationengine\radiationengine\debug\link.6944-rc.write.1.tlog
c:\users\dpackard\dropbox\k-alpha\radiation\radiation\radiationengine\radiationengine\debug\link.6944.read.1.tlog
c:\users\dpackard\dropbox\k-alpha\radiation\radiation\radiationengine\radiationengine\debug\link.6944.write.1.tlog
c:\users\dpackard\dropbox\k-alpha\radiation\radiation\radiationengine\radiationengine\debug\link.6996-cvtres.read.1.tlog
c:\users\dpackard\dropbox\k-alpha\radiation\radiation\radiationengine\radiationengine\debug\link.6996-cvtres.write.1.tlog
c:\users\dpackard\dropbox\k-alpha\radiation\radiation\radiationengine\radiationengine\debug\link.6996-rc.read.1.tlog
c:\users\dpackard\dropbox\k-alpha\radiation\radiation\radiationengine\radiationengine\debug\link.6996-rc.write.1.tlog
c:\users\dpackard\dropbox\k-alpha\radiation\radiation\radiationengine\radiationengine\debug\link.6996.read.1.tlog
c:\users\dpackard\dropbox\k-alpha\radiation\radiation\radiationengine\radiationengine\debug\link.6996.write.1.tlog
c:\users\dpackard\dropbox\k-alpha\radiation\radiation\radiationengine\radiationengine\debug\link.7060-cvtres.read.1.tlog
c:\users\dpackard\dropbox\k-alpha\radiation\radiation\radiationengine\radiationengine\debug\link.7060-cvtres.write.1.tlog
c:\users\dpackard\dropbox\k-alpha\radiation\radiation\radiationengine\radiationengine\debug\link.7060-rc.read.1.tlog
c:\users\dpackard\dropbox\k-alpha\radiation\radiation\radiationengine\radiationengine\debug\link.7060-rc.write.1.tlog
c:\users\dpackard\dropbox\k-alpha\radiation\radiation\radiationengine\radiationengine\debug\link.7060.read.1.tlog
c:\users\dpackard\dropbox\k-alpha\radiation\radiation\radiationengine\radiationengine\debug\link.7060.write.1.tlog
c:\users\dpackard\dropbox\k-alpha\radiation\radiation\radiationengine\radiationengine\debug\link.7064-cvtres.read.1.tlog
c:\users\dpackard\dropbox\k-alpha\radiation\radiation\radiationengine\radiationengine\debug\link.7064-cvtres.write.1.tlog
c:\users\dpackard\dropbox\k-alpha\radiation\radiation\radiationengine\radiationengine\debug\link.7064-rc.read.1.tlog
c:\users\dpackard\dropbox\k-alpha\radiation\radiation\radiationengine\radiationengine\debug\link.7064-rc.write.1.tlog
c:\users\dpackard\dropbox\k-alpha\radiation\radiation\radiationengine\radiationengine\debug\link.7064.read.1.tlog
c:\users\dpackard\dropbox\k-alpha\radiation\radiation\radiationengine\radiationengine\debug\link.7064.write.1.tlog
c:\users\dpackard\dropbox\k-alpha\radiation\radiation\radiationengine\radiationengine\debug\link.7072-cvtres.read.1.tlog
c:\users\dpackard\dropbox\k-alpha\radiation\radiation\radiationengine\radiationengine\debug\link.7072-cvtres.write.1.tlog
c:\users\dpackard\dropbox\k-alpha\radiation\radiation\radiationengine\radiationengine\debug\link.7072-rc.read.1.tlog
c:\users\dpackard\dropbox\k-alpha\radiation\radiation\radiationengine\radiationengine\debug\link.7072-rc.write.1.tlog
c:\users\dpackard\dropbox\k-alpha\radiation\radiation\radiationengine\radiationengine\debug\link.7072.read.1.tlog
c:\users\dpackard\dropbox\k-alpha\radiation\radiation\radiationengine\radiationengine\debug\link.7072.write.1.tlog
c:\users\dpackard\dropbox\k-alpha\radiation\radiation\radiationengine\radiationengine\debug\link.7296-cvtres.read.1.tlog
c:\users\dpackard\dropbox\k-alpha\radiation\radiation\radiationengine\radiationengine\debug\link.7296-cvtres.write.1.tlog
c:\users\dpackard\dropbox\k-alpha\radiation\radiation\radiationengine\radiationengine\debug\link.7296-rc.read.1.tlog
c:\users\dpackard\dropbox\k-alpha\radiation\radiation\radiationengine\radiationengine\debug\link.7296-rc.write.1.tlog
c:\users\dpackard\dropbox\k-alpha\radiation\radiation\radiationengine\radiationengine\debug\link.7296.read.1.tlog
c:\users\dpackard\dropbox\k-alpha\radiation\radiation\radiationengine\radiationengine\debug\link.7296.write.1.tlog
c:\users\dpackard\dropbox\k-alpha\radiation\radiation\radiationengine\radiationengine\debug\link.7344-cvtres.read.1.tlog
c:\users\dpackard\dropbox\k-alpha\radiation\radiation\radiationengine\radiationengine\debug\link.7344-cvtres.write.1.tlog
c:\users\dpackard\dropbox\k-alpha\radiation\radiation\radiationengine\radiationengine\debug\link.7344-rc.read.1.tlog
c:\users\dpackard\dropbox\k-alpha\radiation\radiation\radiationengine\radiationengine\debug\link.7344-rc.write.1.tlog
c:\users\dpackard\dropbox\k-alpha\radiation\radiation\radiationengine\radiationengine\debug\link.7344.read.1.tlog
c:\users\dpackard\dropbox\k-alpha\radiation\radiation\radiationengine\radiationengine\debug\link.7344.write.1.tlog
c:\users\dpackard\dropbox\k-alpha\radiation\radiation\radiationengine\radiationengine\debug\link.7400-cvtres.read.1.tlog
c:\users\dpackard\dropbox\k-alpha\radiation\radiation\radiationengine\radiationengine\debug\link.7400-cvtres.write.1.tlog
c:\users\dpackard\dropbox\k-alpha\radiation\radiation\radiationengine\radiationengine\debug\link.7400-rc.read.1.tlog
c:\users\dpackard\dropbox\k-alpha\radiation\radiation\radiationengine\radiationengine\debug\link.7400-rc.write.1.tlog
c:\users\dpackard\dropbox\k-alpha\radiation\radiation\radiationengine\radiationengine\debug\link.7400.read.1.tlog
c:\users\dpackard\dropbox\k-alpha\radiation\radiation\radiationengine\radiationengine\debug\link.7400.write.1.tlog
c:\users\dpackard\dropbox\k-alpha\radiation\radiation\radiationengine\radiationengine\debug\link.7532-cvtres.read.1.tlog
c:\users\dpackard\dropbox\k-alpha\radiation\radiation\radiationengine\radiationengine\debug\link.7532-cvtres.write.1.tlog
c:\users\dpackard\dropbox\k-alpha\radiation\radiation\radiationengine\radiationengine\debug\link.7532-rc.read.1.tlog
c:\users\dpackard\dropbox\k-alpha\radiation\radiation\radiationengine\radiationengine\debug\link.7532-rc.write.1.tlog
c:\users\dpackard\dropbox\k-alpha\radiation\radiation\radiationengine\radiationengine\debug\link.7532.read.1.tlog
c:\users\dpackard\dropbox\k-alpha\radiation\radiation\radiationengine\radiationengine\debug\link.7532.write.1.tlog
c:\users\dpackard\dropbox\k-alpha\radiation\radiation\radiationengine\radiationengine\debug\link.756-cvtres.read.1.tlog
c:\users\dpackard\dropbox\k-alpha\radiation\radiation\radiationengine\radiationengine\debug\link.756-cvtres.write.1.tlog
c:\users\dpackard\dropbox\k-alpha\radiation\radiation\radiationengine\radiationengine\debug\link.756-rc.read.1.tlog
c:\users\dpackard\dropbox\k-alpha\radiation\radiation\radiationengine\radiationengine\debug\link.756-rc.write.1.tlog
c:\users\dpackard\dropbox\k-alpha\radiation\radiation\radiationengine\radiationengine\debug\link.756.read.1.tlog
c:\users\dpackard\dropbox\k-alpha\radiation\radiation\radiationengine\radiationengine\debug\link.756.write.1.tlog
c:\users\dpackard\dropbox\k-alpha\radiation\radiation\radiationengine\radiationengine\debug\link.7636-cvtres.read.1.tlog
c:\users\dpackard\dropbox\k-alpha\radiation\radiation\radiationengine\radiationengine\debug\link.7636-cvtres.write.1.tlog
c:\users\dpackard\dropbox\k-alpha\radiation\radiation\radiationengine\radiationengine\debug\link.7636-rc.read.1.tlog
c:\users\dpackard\dropbox\k-alpha\radiation\radiation\radiationengine\radiationengine\debug\link.7636-rc.write.1.tlog
c:\users\dpackard\dropbox\k-alpha\radiation\radiation\radiationengine\radiationengine\debug\link.7636.read.1.tlog
c:\users\dpackard\dropbox\k-alpha\radiation\radiation\radiationengine\radiationengine\debug\link.7636.write.1.tlog
c:\users\dpackard\dropbox\k-alpha\radiation\radiation\radiationengine\radiationengine\debug\link.7752-cvtres.read.1.tlog
c:\users\dpackard\dropbox\k-alpha\radiation\radiation\radiationengine\radiationengine\debug\link.7752-cvtres.write.1.tlog
c:\users\dpackard\dropbox\k-alpha\radiation\radiation\radiationengine\radiationengine\debug\link.7752-rc.read.1.tlog
c:\users\dpackard\dropbox\k-alpha\radiation\radiation\radiationengine\radiationengine\debug\link.7752-rc.write.1.tlog
c:\users\dpackard\dropbox\k-alpha\radiation\radiation\radiationengine\radiationengine\debug\link.7752.read.1.tlog
c:\users\dpackard\dropbox\k-alpha\radiation\radiation\radiationengine\radiationengine\debug\link.7752.write.1.tlog
c:\users\dpackard\dropbox\k-alpha\radiation\radiation\radiationengine\radiationengine\debug\link.7896-cvtres.read.1.tlog
c:\users\dpackard\dropbox\k-alpha\radiation\radiation\radiationengine\radiationengine\debug\link.7896-cvtres.write.1.tlog
c:\users\dpackard\dropbox\k-alpha\radiation\radiation\radiationengine\radiationengine\debug\link.7896-rc.read.1.tlog
c:\users\dpackard\dropbox\k-alpha\radiation\radiation\radiationengine\radiationengine\debug\link.7896-rc.write.1.tlog
c:\users\dpackard\dropbox\k-alpha\radiation\radiation\radiationengine\radiationengine\debug\link.7896.read.1.tlog
c:\users\dpackard\dropbox\k-alpha\radiation\radiation\radiationengine\radiationengine\debug\link.7896.write.1.tlog
c:\users\dpackard\dropbox\k-alpha\radiation\radiation\radiationengine\radiationengine\debug\link.7916-cvtres.read.1.tlog
c:\users\dpackard\dropbox\k-alpha\radiation\radiation\radiationengine\radiationengine\debug\link.7916-cvtres.write.1.tlog
c:\users\dpackard\dropbox\k-alpha\radiation\radiation\radiationengine\radiationengine\debug\link.7916-rc.read.1.tlog
c:\users\dpackard\dropbox\k-alpha\radiation\radiation\radiationengine\radiationengine\debug\link.7916-rc.write.1.tlog
c:\users\dpackard\dropbox\k-alpha\radiation\radiation\radiationengine\radiationengine\debug\link.7916.read.1.tlog
c:\users\dpackard\dropbox\k-alpha\radiation\radiation\radiationengine\radiationengine\debug\link.7916.write.1.tlog
c:\users\dpackard\dropbox\k-alpha\radiation\radiation\radiationengine\radiationengine\debug\link.8036-cvtres.read.1.tlog
c:\users\dpackard\dropbox\k-alpha\radiation\radiation\radiationengine\radiationengine\debug\link.8036-cvtres.write.1.tlog
c:\users\dpackard\dropbox\k-alpha\radiation\radiation\radiationengine\radiationengine\debug\link.8036-rc.read.1.tlog
c:\users\dpackard\dropbox\k-alpha\radiation\radiation\radiationengine\radiationengine\debug\link.8036-rc.write.1.tlog
c:\users\dpackard\dropbox\k-alpha\radiation\radiation\radiationengine\radiationengine\debug\link.8036.read.1.tlog
c:\users\dpackard\dropbox\k-alpha\radiation\radiation\radiationengine\radiationengine\debug\link.8036.write.1.tlog
c:\users\dpackard\dropbox\k-alpha\radiation\radiation\radiationengine\radiationengine\debug\link.812-cvtres.read.1.tlog
c:\users\dpackard\dropbox\k-alpha\radiation\radiation\radiationengine\radiationengine\debug\link.812-cvtres.write.1.tlog
c:\users\dpackard\dropbox\k-alpha\radiation\radiation\radiationengine\radiationengine\debug\link.812-rc.read.1.tlog
c:\users\dpackard\dropbox\k-alpha\radiation\radiation\radiationengine\radiationengine\debug\link.812-rc.write.1.tlog
c:\users\dpackard\dropbox\k-alpha\radiation\radiation\radiationengine\radiationengine\debug\link.812.read.1.tlog
c:\users\dpackard\dropbox\k-alpha\radiation\radiation\radiationengine\radiationengine\debug\link.812.write.1.tlog
c:\users\dpackard\dropbox\k-alpha\radiation\radiation\radiationengine\radiationengine\debug\link.8376-cvtres.read.1.tlog
c:\users\dpackard\dropbox\k-alpha\radiation\radiation\radiationengine\radiationengine\debug\link.8376-cvtres.write.1.tlog
c:\users\dpackard\dropbox\k-alpha\radiation\radiation\radiationengine\radiationengine\debug\link.8376-rc.read.1.tlog
c:\users\dpackard\dropbox\k-alpha\radiation\radiation\radiationengine\radiationengine\debug\link.8376-rc.write.1.tlog
c:\users\dpackard\dropbox\k-alpha\radiation\radiation\radiationengine\radiationengine\debug\link.8376.read.1.tlog
c:\users\dpackard\dropbox\k-alpha\radiation\radiation\radiationengine\radiationengine\debug\link.8376.write.1.tlog
c:\users\dpackard\dropbox\k-alpha\radiation\radiation\radiationengine\radiationengine\debug\link.8492-cvtres.read.1.tlog
c:\users\dpackard\dropbox\k-alpha\radiation\radiation\radiationengine\radiationengine\debug\link.8492-cvtres.write.1.tlog
c:\users\dpackard\dropbox\k-alpha\radiation\radiation\radiationengine\radiationengine\debug\link.8492-rc.read.1.tlog
c:\users\dpackard\dropbox\k-alpha\radiation\radiation\radiationengine\radiationengine\debug\link.8492-rc.write.1.tlog
c:\users\dpackard\dropbox\k-alpha\radiation\radiation\radiationengine\radiationengine\debug\link.8492.read.1.tlog
c:\users\dpackard\dropbox\k-alpha\radiation\radiation\radiationengine\radiationengine\debug\link.8492.write.1.tlog
c:\users\dpackard\dropbox\k-alpha\radiation\radiation\radiationengine\radiationengine\debug\link.8532-cvtres.read.1.tlog
c:\users\dpackard\dropbox\k-alpha\radiation\radiation\radiationengine\radiationengine\debug\link.8532-cvtres.write.1.tlog
c:\users\dpackard\dropbox\k-alpha\radiation\radiation\radiationengine\radiationengine\debug\link.8532-rc.read.1.tlog
c:\users\dpackard\dropbox\k-alpha\radiation\radiation\radiationengine\radiationengine\debug\link.8532-rc.write.1.tlog
c:\users\dpackard\dropbox\k-alpha\radiation\radiation\radiationengine\radiationengine\debug\link.8532.read.1.tlog
c:\users\dpackard\dropbox\k-alpha\radiation\radiation\radiationengine\radiationengine\debug\link.8532.write.1.tlog
c:\users\dpackard\dropbox\k-alpha\radiation\radiation\radiationengine\radiationengine\debug\link.8552-cvtres.read.1.tlog
c:\users\dpackard\dropbox\k-alpha\radiation\radiation\radiationengine\radiationengine\debug\link.8552-cvtres.write.1.tlog
c:\users\dpackard\dropbox\k-alpha\radiation\radiation\radiationengine\radiationengine\debug\link.8552-rc.read.1.tlog
c:\users\dpackard\dropbox\k-alpha\radiation\radiation\radiationengine\radiationengine\debug\link.8552-rc.write.1.tlog
c:\users\dpackard\dropbox\k-alpha\radiation\radiation\radiationengine\radiationengine\debug\link.8552.read.1.tlog
c:\users\dpackard\dropbox\k-alpha\radiation\radiation\radiationengine\radiationengine\debug\link.8552.write.1.tlog
c:\users\dpackard\dropbox\k-alpha\radiation\radiation\radiationengine\radiationengine\debug\link.8556-cvtres.read.1.tlog
c:\users\dpackard\dropbox\k-alpha\radiation\radiation\radiationengine\radiationengine\debug\link.8556-cvtres.write.1.tlog
c:\users\dpackard\dropbox\k-alpha\radiation\radiation\radiationengine\radiationengine\debug\link.8556-rc.read.1.tlog
c:\users\dpackard\dropbox\k-alpha\radiation\radiation\radiationengine\radiationengine\debug\link.8556-rc.write.1.tlog
c:\users\dpackard\dropbox\k-alpha\radiation\radiation\radiationengine\radiationengine\debug\link.8556.read.1.tlog
c:\users\dpackard\dropbox\k-alpha\radiation\radiation\radiationengine\radiationengine\debug\link.8556.write.1.tlog
c:\users\dpackard\dropbox\k-alpha\radiation\radiation\radiationengine\radiationengine\debug\link.8720-cvtres.read.1.tlog
c:\users\dpackard\dropbox\k-alpha\radiation\radiation\radiationengine\radiationengine\debug\link.8720-cvtres.write.1.tlog
c:\users\dpackard\dropbox\k-alpha\radiation\radiation\radiationengine\radiationengine\debug\link.8720-rc.read.1.tlog
c:\users\dpackard\dropbox\k-alpha\radiation\radiation\radiationengine\radiationengine\debug\link.8720-rc.write.1.tlog
c:\users\dpackard\dropbox\k-alpha\radiation\radiation\radiationengine\radiationengine\debug\link.8720.read.1.tlog
c:\users\dpackard\dropbox\k-alpha\radiation\radiation\radiationengine\radiationengine\debug\link.8720.write.1.tlog
c:\users\dpackard\dropbox\k-alpha\radiation\radiation\radiationengine\radiationengine\debug\link.8768-cvtres.read.1.tlog
c:\users\dpackard\dropbox\k-alpha\radiation\radiation\radiationengine\radiationengine\debug\link.8768-cvtres.write.1.tlog
c:\users\dpackard\dropbox\k-alpha\radiation\radiation\radiationengine\radiationengine\debug\link.8768-rc.read.1.tlog
c:\users\dpackard\dropbox\k-alpha\radiation\radiation\radiationengine\radiationengine\debug\link.8768-rc.write.1.tlog
c:\users\dpackard\dropbox\k-alpha\radiation\radiation\radiationengine\radiationengine\debug\link.8768.read.1.tlog
c:\users\dpackard\dropbox\k-alpha\radiation\radiation\radiationengine\radiationengine\debug\link.8768.write.1.tlog
c:\users\dpackard\dropbox\k-alpha\radiation\radiation\radiationengine\radiationengine\debug\link.8780-cvtres.read.1.tlog
c:\users\dpackard\dropbox\k-alpha\radiation\radiation\radiationengine\radiationengine\debug\link.8780-cvtres.write.1.tlog
c:\users\dpackard\dropbox\k-alpha\radiation\radiation\radiationengine\radiationengine\debug\link.8780-rc.read.1.tlog
c:\users\dpackard\dropbox\k-alpha\radiation\radiation\radiationengine\radiationengine\debug\link.8780-rc.write.1.tlog
c:\users\dpackard\dropbox\k-alpha\radiation\radiation\radiationengine\radiationengine\debug\link.8780.read.1.tlog
c:\users\dpackard\dropbox\k-alpha\radiation\radiation\radiationengine\radiationengine\debug\link.8780.write.1.tlog
c:\users\dpackard\dropbox\k-alpha\radiation\radiation\radiationengine\radiationengine\debug\link.8800-cvtres.read.1.tlog
c:\users\dpackard\dropbox\k-alpha\radiation\radiation\radiationengine\radiationengine\debug\link.8800-cvtres.write.1.tlog
c:\users\dpackard\dropbox\k-alpha\radiation\radiation\radiationengine\radiationengine\debug\link.8800-rc.read.1.tlog
c:\users\dpackard\dropbox\k-alpha\radiation\radiation\radiationengine\radiationengine\debug\link.8800-rc.write.1.tlog
c:\users\dpackard\dropbox\k-alpha\radiation\radiation\radiationengine\radiationengine\debug\link.8800.read.1.tlog
c:\users\dpackard\dropbox\k-alpha\radiation\radiation\radiationengine\radiationengine\debug\link.8800.write.1.tlog
c:\users\dpackard\dropbox\k-alpha\radiation\radiation\radiationengine\radiationengine\debug\link.8980-cvtres.read.1.tlog
c:\users\dpackard\dropbox\k-alpha\radiation\radiation\radiationengine\radiationengine\debug\link.8980-cvtres.write.1.tlog
c:\users\dpackard\dropbox\k-alpha\radiation\radiation\radiationengine\radiationengine\debug\link.8980-rc.read.1.tlog
c:\users\dpackard\dropbox\k-alpha\radiation\radiation\radiationengine\radiationengine\debug\link.8980-rc.write.1.tlog
c:\users\dpackard\dropbox\k-alpha\radiation\radiation\radiationengine\radiationengine\debug\link.8980.read.1.tlog
c:\users\dpackard\dropbox\k-alpha\radiation\radiation\radiationengine\radiationengine\debug\link.8980.write.1.tlog
c:\users\dpackard\dropbox\k-alpha\radiation\radiation\radiationengine\radiationengine\debug\link.9048-cvtres.read.1.tlog
c:\users\dpackard\dropbox\k-alpha\radiation\radiation\radiationengine\radiationengine\debug\link.9048-cvtres.write.1.tlog
c:\users\dpackard\dropbox\k-alpha\radiation\radiation\radiationengine\radiationengine\debug\link.9048-rc.read.1.tlog
c:\users\dpackard\dropbox\k-alpha\radiation\radiation\radiationengine\radiationengine\debug\link.9048-rc.write.1.tlog
c:\users\dpackard\dropbox\k-alpha\radiation\radiation\radiationengine\radiationengine\debug\link.9048.read.1.tlog
c:\users\dpackard\dropbox\k-alpha\radiation\radiation\radiationengine\radiationengine\debug\link.9048.write.1.tlog
c:\users\dpackard\dropbox\k-alpha\radiation\radiation\radiationengine\radiationengine\debug\link.9064-cvtres.read.1.tlog
c:\users\dpackard\dropbox\k-alpha\radiation\radiation\radiationengine\radiationengine\debug\link.9064-cvtres.write.1.tlog
c:\users\dpackard\dropbox\k-alpha\radiation\radiation\radiationengine\radiationengine\debug\link.9064-rc.read.1.tlog
c:\users\dpackard\dropbox\k-alpha\radiation\radiation\radiationengine\radiationengine\debug\link.9064-rc.write.1.tlog
c:\users\dpackard\dropbox\k-alpha\radiation\radiation\radiationengine\radiationengine\debug\link.9064.read.1.tlog
c:\users\dpackard\dropbox\k-alpha\radiation\radiation\radiationengine\radiationengine\debug\link.9064.write.1.tlog
c:\users\dpackard\dropbox\k-alpha\radiation\radiation\radiationengine\radiationengine\debug\link.9176-cvtres.read.1.tlog
c:\users\dpackard\dropbox\k-alpha\radiation\radiation\radiationengine\radiationengine\debug\link.9176-cvtres.write.1.tlog
c:\users\dpackard\dropbox\k-alpha\radiation\radiation\radiationengine\radiationengine\debug\link.9176-rc.read.1.tlog
c:\users\dpackard\dropbox\k-alpha\radiation\radiation\radiationengine\radiationengine\debug\link.9176-rc.write.1.tlog
c:\users\dpackard\dropbox\k-alpha\radiation\radiation\radiationengine\radiationengine\debug\link.9176.read.1.tlog
c:\users\dpackard\dropbox\k-alpha\radiation\radiation\radiationengine\radiationengine\debug\link.9176.write.1.tlog
c:\users\dpackard\dropbox\k-alpha\radiation\radiation\radiationengine\radiationengine\debug\link.9600-cvtres.read.1.tlog
c:\users\dpackard\dropbox\k-alpha\radiation\radiation\radiationengine\radiationengine\debug\link.9600-cvtres.write.1.tlog
c:\users\dpackard\dropbox\k-alpha\radiation\radiation\radiationengine\radiationengine\debug\link.9600-rc.read.1.tlog
c:\users\dpackard\dropbox\k-alpha\radiation\radiation\radiationengine\radiationengine\debug\link.9600-rc.write.1.tlog
c:\users\dpackard\dropbox\k-alpha\radiation\radiation\radiationengine\radiationengine\debug\link.9600.read.1.tlog
c:\users\dpackard\dropbox\k-alpha\radiation\radiation\radiationengine\radiationengine\debug\link.9600.write.1.tlog
c:\users\dpackard\dropbox\k-alpha\radiation\radiation\radiationengine\radiationengine\debug\link.command.1.tlog
c:\users\dpackard\dropbox\k-alpha\radiation\radiation\radiationengine\radiationengine\debug\link.read.1.tlog
c:\users\dpackard\dropbox\k-alpha\radiation\radiation\radiationengine\radiationengine\debug\link.write.1.tlog
c:\users\dpackard\dropbox\k-alpha\radiation\radiation\radiationengine\radiationengine\debug\radiationengine.exp
c:\users\dpackard\dropbox\k-alpha\radiation\radiation\radiationengine\radiationengine\debug\vc110.idb
c:\users\dpackard\dropbox\k-alpha\radiation\radiation\radiationengine\radiationengine\debug\radiationengine.pdb
c:\users\dpackard\dropbox\k-alpha\radiation\radiation\radiationengine\radiationengine\debug\vc110.pdb
c:\users\dpackard\dropbox\k-alpha\radiation\radiation\radiationengine\radiationengine\debug\radiationengine.tlog\cl.command.1.tlog
c:\users\dpackard\dropbox\k-alpha\radiation\radiation\radiationengine\radiationengine\debug\radiationengine.tlog\cl.read.1.tlog
c:\users\dpackard\dropbox\k-alpha\radiation\radiation\radiationengine\radiationengine\debug\radiationengine.tlog\cl.write.1.tlog
c:\users\dpackard\dropbox\k-alpha\radiation\radiation\radiationengine\radiationengine\debug\radiationengine.tlog\link.command.1.tlog
c:\users\dpackard\dropbox\k-alpha\radiation\radiation\radiationengine\radiationengine\debug\radiationengine.tlog\link.read.1.tlog
c:\users\dpackard\dropbox\k-alpha\radiation\radiation\radiationengine\radiationengine\debug\radiationengine.tlog\link.write.1.tlog
c:\users\dpackard\dropbox\k-alpha\radiation\radiation\radiationengine\radiationengine\debug\radiationengine.tlog\radiationengine.write.1u.tlog
